[2025-07-25T14:15:16.087+0000] {processor.py:161} INFO - Started process (PID=57) to work on /opt/airflow/dags/sigtap_extraction_dag.py
[2025-07-25T14:15:16.088+0000] {processor.py:830} INFO - Processing file /opt/airflow/dags/sigtap_extraction_dag.py for tasks to queue
[2025-07-25T14:15:16.090+0000] {logging_mixin.py:188} INFO - [2025-07-25T14:15:16.089+0000] {dagbag.py:545} INFO - Filling up the DagBag from /opt/airflow/dags/sigtap_extraction_dag.py
[2025-07-25T14:15:16.120+0000] {processor.py:840} INFO - DAG(s) 'sigtap_01_extraction' retrieved from /opt/airflow/dags/sigtap_extraction_dag.py
[2025-07-25T14:15:16.229+0000] {logging_mixin.py:188} INFO - [2025-07-25T14:15:16.229+0000] {override.py:1829} INFO - Created Permission View: can delete on DAG:sigtap_01_extraction
[2025-07-25T14:15:16.239+0000] {logging_mixin.py:188} INFO - [2025-07-25T14:15:16.238+0000] {override.py:1829} INFO - Created Permission View: can edit on DAG:sigtap_01_extraction
[2025-07-25T14:15:16.244+0000] {logging_mixin.py:188} INFO - [2025-07-25T14:15:16.244+0000] {override.py:1829} INFO - Created Permission View: can read on DAG:sigtap_01_extraction
[2025-07-25T14:15:16.244+0000] {logging_mixin.py:188} INFO - [2025-07-25T14:15:16.244+0000] {dag.py:3096} INFO - Sync 1 DAGs
[2025-07-25T14:15:16.255+0000] {logging_mixin.py:188} INFO - [2025-07-25T14:15:16.255+0000] {dag.py:3118} INFO - Creating ORM DAG for sigtap_01_extraction
[2025-07-25T14:15:16.265+0000] {logging_mixin.py:188} INFO - [2025-07-25T14:15:16.265+0000] {dag.py:3954} INFO - Setting next_dagrun for sigtap_01_extraction to 2025-08-01 03:00:00+00:00, run_after=2025-09-01 03:00:00+00:00
[2025-07-25T14:15:16.286+0000] {processor.py:183} INFO - Processing /opt/airflow/dags/sigtap_extraction_dag.py took 0.204 seconds
[2025-07-25T14:15:46.422+0000] {processor.py:161} INFO - Started process (PID=59) to work on /opt/airflow/dags/sigtap_extraction_dag.py
[2025-07-25T14:15:46.424+0000] {processor.py:830} INFO - Processing file /opt/airflow/dags/sigtap_extraction_dag.py for tasks to queue
[2025-07-25T14:15:46.425+0000] {logging_mixin.py:188} INFO - [2025-07-25T14:15:46.425+0000] {dagbag.py:545} INFO - Filling up the DagBag from /opt/airflow/dags/sigtap_extraction_dag.py
[2025-07-25T14:15:46.447+0000] {processor.py:840} INFO - DAG(s) 'sigtap_01_extraction' retrieved from /opt/airflow/dags/sigtap_extraction_dag.py
[2025-07-25T14:15:46.476+0000] {logging_mixin.py:188} INFO - [2025-07-25T14:15:46.476+0000] {dag.py:3096} INFO - Sync 1 DAGs
[2025-07-25T14:15:46.500+0000] {logging_mixin.py:188} INFO - [2025-07-25T14:15:46.499+0000] {dag.py:3954} INFO - Setting next_dagrun for sigtap_01_extraction to 2025-08-01 03:00:00+00:00, run_after=2025-09-01 03:00:00+00:00
[2025-07-25T14:15:46.519+0000] {processor.py:183} INFO - Processing /opt/airflow/dags/sigtap_extraction_dag.py took 0.103 seconds
[2025-07-25T14:16:16.732+0000] {processor.py:161} INFO - Started process (PID=61) to work on /opt/airflow/dags/sigtap_extraction_dag.py
[2025-07-25T14:16:16.733+0000] {processor.py:830} INFO - Processing file /opt/airflow/dags/sigtap_extraction_dag.py for tasks to queue
[2025-07-25T14:16:16.735+0000] {logging_mixin.py:188} INFO - [2025-07-25T14:16:16.735+0000] {dagbag.py:545} INFO - Filling up the DagBag from /opt/airflow/dags/sigtap_extraction_dag.py
[2025-07-25T14:16:16.760+0000] {processor.py:840} INFO - DAG(s) 'sigtap_01_extraction' retrieved from /opt/airflow/dags/sigtap_extraction_dag.py
[2025-07-25T14:16:16.792+0000] {logging_mixin.py:188} INFO - [2025-07-25T14:16:16.791+0000] {dag.py:3096} INFO - Sync 1 DAGs
[2025-07-25T14:16:16.815+0000] {logging_mixin.py:188} INFO - [2025-07-25T14:16:16.814+0000] {dag.py:3954} INFO - Setting next_dagrun for sigtap_01_extraction to 2025-08-01 03:00:00+00:00, run_after=2025-09-01 03:00:00+00:00
[2025-07-25T14:16:16.835+0000] {processor.py:183} INFO - Processing /opt/airflow/dags/sigtap_extraction_dag.py took 0.109 seconds
[2025-07-25T14:16:47.070+0000] {processor.py:161} INFO - Started process (PID=63) to work on /opt/airflow/dags/sigtap_extraction_dag.py
[2025-07-25T14:16:47.071+0000] {processor.py:830} INFO - Processing file /opt/airflow/dags/sigtap_extraction_dag.py for tasks to queue
[2025-07-25T14:16:47.073+0000] {logging_mixin.py:188} INFO - [2025-07-25T14:16:47.072+0000] {dagbag.py:545} INFO - Filling up the DagBag from /opt/airflow/dags/sigtap_extraction_dag.py
[2025-07-25T14:16:47.099+0000] {processor.py:840} INFO - DAG(s) 'sigtap_01_extraction' retrieved from /opt/airflow/dags/sigtap_extraction_dag.py
[2025-07-25T14:16:47.130+0000] {logging_mixin.py:188} INFO - [2025-07-25T14:16:47.130+0000] {dag.py:3096} INFO - Sync 1 DAGs
[2025-07-25T14:16:47.154+0000] {logging_mixin.py:188} INFO - [2025-07-25T14:16:47.153+0000] {dag.py:3954} INFO - Setting next_dagrun for sigtap_01_extraction to 2025-08-01 03:00:00+00:00, run_after=2025-09-01 03:00:00+00:00
[2025-07-25T14:16:47.172+0000] {processor.py:183} INFO - Processing /opt/airflow/dags/sigtap_extraction_dag.py took 0.108 seconds
[2025-07-25T14:17:17.420+0000] {processor.py:161} INFO - Started process (PID=65) to work on /opt/airflow/dags/sigtap_extraction_dag.py
[2025-07-25T14:17:17.421+0000] {processor.py:830} INFO - Processing file /opt/airflow/dags/sigtap_extraction_dag.py for tasks to queue
[2025-07-25T14:17:17.423+0000] {logging_mixin.py:188} INFO - [2025-07-25T14:17:17.423+0000] {dagbag.py:545} INFO - Filling up the DagBag from /opt/airflow/dags/sigtap_extraction_dag.py
[2025-07-25T14:17:17.452+0000] {processor.py:840} INFO - DAG(s) 'sigtap_01_extraction' retrieved from /opt/airflow/dags/sigtap_extraction_dag.py
[2025-07-25T14:17:17.482+0000] {logging_mixin.py:188} INFO - [2025-07-25T14:17:17.481+0000] {dag.py:3096} INFO - Sync 1 DAGs
[2025-07-25T14:17:17.505+0000] {logging_mixin.py:188} INFO - [2025-07-25T14:17:17.505+0000] {dag.py:3954} INFO - Setting next_dagrun for sigtap_01_extraction to 2025-08-01 03:00:00+00:00, run_after=2025-09-01 03:00:00+00:00
[2025-07-25T14:17:17.527+0000] {processor.py:183} INFO - Processing /opt/airflow/dags/sigtap_extraction_dag.py took 0.113 seconds
[2025-07-25T14:17:47.739+0000] {processor.py:161} INFO - Started process (PID=67) to work on /opt/airflow/dags/sigtap_extraction_dag.py
[2025-07-25T14:17:47.740+0000] {processor.py:830} INFO - Processing file /opt/airflow/dags/sigtap_extraction_dag.py for tasks to queue
[2025-07-25T14:17:47.742+0000] {logging_mixin.py:188} INFO - [2025-07-25T14:17:47.742+0000] {dagbag.py:545} INFO - Filling up the DagBag from /opt/airflow/dags/sigtap_extraction_dag.py
[2025-07-25T14:17:47.770+0000] {processor.py:840} INFO - DAG(s) 'sigtap_01_extraction' retrieved from /opt/airflow/dags/sigtap_extraction_dag.py
[2025-07-25T14:17:47.802+0000] {logging_mixin.py:188} INFO - [2025-07-25T14:17:47.802+0000] {dag.py:3096} INFO - Sync 1 DAGs
[2025-07-25T14:17:47.825+0000] {logging_mixin.py:188} INFO - [2025-07-25T14:17:47.825+0000] {dag.py:3954} INFO - Setting next_dagrun for sigtap_01_extraction to 2025-08-01 03:00:00+00:00, run_after=2025-09-01 03:00:00+00:00
[2025-07-25T14:17:47.845+0000] {processor.py:183} INFO - Processing /opt/airflow/dags/sigtap_extraction_dag.py took 0.112 seconds
[2025-07-25T14:18:18.086+0000] {processor.py:161} INFO - Started process (PID=69) to work on /opt/airflow/dags/sigtap_extraction_dag.py
[2025-07-25T14:18:18.087+0000] {processor.py:830} INFO - Processing file /opt/airflow/dags/sigtap_extraction_dag.py for tasks to queue
[2025-07-25T14:18:18.089+0000] {logging_mixin.py:188} INFO - [2025-07-25T14:18:18.089+0000] {dagbag.py:545} INFO - Filling up the DagBag from /opt/airflow/dags/sigtap_extraction_dag.py
[2025-07-25T14:18:18.112+0000] {processor.py:840} INFO - DAG(s) 'sigtap_01_extraction' retrieved from /opt/airflow/dags/sigtap_extraction_dag.py
[2025-07-25T14:18:18.138+0000] {logging_mixin.py:188} INFO - [2025-07-25T14:18:18.138+0000] {dag.py:3096} INFO - Sync 1 DAGs
[2025-07-25T14:18:18.158+0000] {logging_mixin.py:188} INFO - [2025-07-25T14:18:18.158+0000] {dag.py:3954} INFO - Setting next_dagrun for sigtap_01_extraction to 2025-08-01 03:00:00+00:00, run_after=2025-09-01 03:00:00+00:00
[2025-07-25T14:18:18.175+0000] {processor.py:183} INFO - Processing /opt/airflow/dags/sigtap_extraction_dag.py took 0.094 seconds
[2025-07-25T14:18:48.448+0000] {processor.py:161} INFO - Started process (PID=71) to work on /opt/airflow/dags/sigtap_extraction_dag.py
[2025-07-25T14:18:48.449+0000] {processor.py:830} INFO - Processing file /opt/airflow/dags/sigtap_extraction_dag.py for tasks to queue
[2025-07-25T14:18:48.451+0000] {logging_mixin.py:188} INFO - [2025-07-25T14:18:48.451+0000] {dagbag.py:545} INFO - Filling up the DagBag from /opt/airflow/dags/sigtap_extraction_dag.py
[2025-07-25T14:18:48.475+0000] {processor.py:840} INFO - DAG(s) 'sigtap_01_extraction' retrieved from /opt/airflow/dags/sigtap_extraction_dag.py
[2025-07-25T14:18:48.504+0000] {logging_mixin.py:188} INFO - [2025-07-25T14:18:48.503+0000] {dag.py:3096} INFO - Sync 1 DAGs
[2025-07-25T14:18:48.527+0000] {logging_mixin.py:188} INFO - [2025-07-25T14:18:48.527+0000] {dag.py:3954} INFO - Setting next_dagrun for sigtap_01_extraction to 2025-08-01 03:00:00+00:00, run_after=2025-09-01 03:00:00+00:00
[2025-07-25T14:18:48.547+0000] {processor.py:183} INFO - Processing /opt/airflow/dags/sigtap_extraction_dag.py took 0.104 seconds
[2025-07-25T14:19:18.778+0000] {processor.py:161} INFO - Started process (PID=73) to work on /opt/airflow/dags/sigtap_extraction_dag.py
[2025-07-25T14:19:18.780+0000] {processor.py:830} INFO - Processing file /opt/airflow/dags/sigtap_extraction_dag.py for tasks to queue
[2025-07-25T14:19:18.782+0000] {logging_mixin.py:188} INFO - [2025-07-25T14:19:18.781+0000] {dagbag.py:545} INFO - Filling up the DagBag from /opt/airflow/dags/sigtap_extraction_dag.py
[2025-07-25T14:19:18.804+0000] {processor.py:840} INFO - DAG(s) 'sigtap_01_extraction' retrieved from /opt/airflow/dags/sigtap_extraction_dag.py
[2025-07-25T14:19:18.830+0000] {logging_mixin.py:188} INFO - [2025-07-25T14:19:18.830+0000] {dag.py:3096} INFO - Sync 1 DAGs
[2025-07-25T14:19:18.850+0000] {logging_mixin.py:188} INFO - [2025-07-25T14:19:18.850+0000] {dag.py:3954} INFO - Setting next_dagrun for sigtap_01_extraction to 2025-08-01 03:00:00+00:00, run_after=2025-09-01 03:00:00+00:00
[2025-07-25T14:19:18.867+0000] {processor.py:183} INFO - Processing /opt/airflow/dags/sigtap_extraction_dag.py took 0.095 seconds
[2025-07-25T14:19:49.093+0000] {processor.py:161} INFO - Started process (PID=75) to work on /opt/airflow/dags/sigtap_extraction_dag.py
[2025-07-25T14:19:49.094+0000] {processor.py:830} INFO - Processing file /opt/airflow/dags/sigtap_extraction_dag.py for tasks to queue
[2025-07-25T14:19:49.096+0000] {logging_mixin.py:188} INFO - [2025-07-25T14:19:49.096+0000] {dagbag.py:545} INFO - Filling up the DagBag from /opt/airflow/dags/sigtap_extraction_dag.py
[2025-07-25T14:19:49.119+0000] {processor.py:840} INFO - DAG(s) 'sigtap_01_extraction' retrieved from /opt/airflow/dags/sigtap_extraction_dag.py
[2025-07-25T14:19:49.146+0000] {logging_mixin.py:188} INFO - [2025-07-25T14:19:49.146+0000] {dag.py:3096} INFO - Sync 1 DAGs
[2025-07-25T14:19:49.166+0000] {logging_mixin.py:188} INFO - [2025-07-25T14:19:49.166+0000] {dag.py:3954} INFO - Setting next_dagrun for sigtap_01_extraction to 2025-08-01 03:00:00+00:00, run_after=2025-09-01 03:00:00+00:00
[2025-07-25T14:19:49.186+0000] {processor.py:183} INFO - Processing /opt/airflow/dags/sigtap_extraction_dag.py took 0.099 seconds
[2025-07-25T14:20:19.462+0000] {processor.py:161} INFO - Started process (PID=77) to work on /opt/airflow/dags/sigtap_extraction_dag.py
[2025-07-25T14:20:19.463+0000] {processor.py:830} INFO - Processing file /opt/airflow/dags/sigtap_extraction_dag.py for tasks to queue
[2025-07-25T14:20:19.465+0000] {logging_mixin.py:188} INFO - [2025-07-25T14:20:19.465+0000] {dagbag.py:545} INFO - Filling up the DagBag from /opt/airflow/dags/sigtap_extraction_dag.py
[2025-07-25T14:20:19.492+0000] {processor.py:840} INFO - DAG(s) 'sigtap_01_extraction' retrieved from /opt/airflow/dags/sigtap_extraction_dag.py
[2025-07-25T14:20:19.527+0000] {logging_mixin.py:188} INFO - [2025-07-25T14:20:19.527+0000] {dag.py:3096} INFO - Sync 1 DAGs
[2025-07-25T14:20:19.553+0000] {logging_mixin.py:188} INFO - [2025-07-25T14:20:19.553+0000] {dag.py:3954} INFO - Setting next_dagrun for sigtap_01_extraction to 2025-08-01 03:00:00+00:00, run_after=2025-09-01 03:00:00+00:00
[2025-07-25T14:20:19.577+0000] {processor.py:183} INFO - Processing /opt/airflow/dags/sigtap_extraction_dag.py took 0.120 seconds
[2025-07-25T14:20:49.682+0000] {processor.py:161} INFO - Started process (PID=79) to work on /opt/airflow/dags/sigtap_extraction_dag.py
[2025-07-25T14:20:49.683+0000] {processor.py:830} INFO - Processing file /opt/airflow/dags/sigtap_extraction_dag.py for tasks to queue
[2025-07-25T14:20:49.685+0000] {logging_mixin.py:188} INFO - [2025-07-25T14:20:49.685+0000] {dagbag.py:545} INFO - Filling up the DagBag from /opt/airflow/dags/sigtap_extraction_dag.py
[2025-07-25T14:20:49.714+0000] {processor.py:840} INFO - DAG(s) 'sigtap_01_extraction' retrieved from /opt/airflow/dags/sigtap_extraction_dag.py
[2025-07-25T14:20:49.749+0000] {logging_mixin.py:188} INFO - [2025-07-25T14:20:49.748+0000] {dag.py:3096} INFO - Sync 1 DAGs
[2025-07-25T14:20:49.775+0000] {logging_mixin.py:188} INFO - [2025-07-25T14:20:49.775+0000] {dag.py:3954} INFO - Setting next_dagrun for sigtap_01_extraction to 2025-08-01 03:00:00+00:00, run_after=2025-09-01 03:00:00+00:00
[2025-07-25T14:20:49.794+0000] {processor.py:183} INFO - Processing /opt/airflow/dags/sigtap_extraction_dag.py took 0.120 seconds
[2025-07-25T14:21:20.019+0000] {processor.py:161} INFO - Started process (PID=81) to work on /opt/airflow/dags/sigtap_extraction_dag.py
[2025-07-25T14:21:20.020+0000] {processor.py:830} INFO - Processing file /opt/airflow/dags/sigtap_extraction_dag.py for tasks to queue
[2025-07-25T14:21:20.022+0000] {logging_mixin.py:188} INFO - [2025-07-25T14:21:20.022+0000] {dagbag.py:545} INFO - Filling up the DagBag from /opt/airflow/dags/sigtap_extraction_dag.py
[2025-07-25T14:21:20.049+0000] {processor.py:840} INFO - DAG(s) 'sigtap_01_extraction' retrieved from /opt/airflow/dags/sigtap_extraction_dag.py
[2025-07-25T14:21:20.085+0000] {logging_mixin.py:188} INFO - [2025-07-25T14:21:20.084+0000] {dag.py:3096} INFO - Sync 1 DAGs
[2025-07-25T14:21:20.114+0000] {logging_mixin.py:188} INFO - [2025-07-25T14:21:20.113+0000] {dag.py:3954} INFO - Setting next_dagrun for sigtap_01_extraction to 2025-08-01 03:00:00+00:00, run_after=2025-09-01 03:00:00+00:00
[2025-07-25T14:21:20.135+0000] {processor.py:183} INFO - Processing /opt/airflow/dags/sigtap_extraction_dag.py took 0.122 seconds
[2025-07-25T14:21:50.383+0000] {processor.py:161} INFO - Started process (PID=83) to work on /opt/airflow/dags/sigtap_extraction_dag.py
[2025-07-25T14:21:50.389+0000] {processor.py:830} INFO - Processing file /opt/airflow/dags/sigtap_extraction_dag.py for tasks to queue
[2025-07-25T14:21:50.395+0000] {logging_mixin.py:188} INFO - [2025-07-25T14:21:50.395+0000] {dagbag.py:545} INFO - Filling up the DagBag from /opt/airflow/dags/sigtap_extraction_dag.py
[2025-07-25T14:21:50.471+0000] {processor.py:840} INFO - DAG(s) 'sigtap_01_extraction' retrieved from /opt/airflow/dags/sigtap_extraction_dag.py
[2025-07-25T14:21:50.552+0000] {logging_mixin.py:188} INFO - [2025-07-25T14:21:50.551+0000] {dag.py:3096} INFO - Sync 1 DAGs
[2025-07-25T14:21:50.606+0000] {logging_mixin.py:188} INFO - [2025-07-25T14:21:50.605+0000] {dag.py:3954} INFO - Setting next_dagrun for sigtap_01_extraction to 2025-08-01 03:00:00+00:00, run_after=2025-09-01 03:00:00+00:00
[2025-07-25T14:21:50.647+0000] {processor.py:183} INFO - Processing /opt/airflow/dags/sigtap_extraction_dag.py took 0.275 seconds
[2025-07-25T14:22:21.570+0000] {processor.py:161} INFO - Started process (PID=85) to work on /opt/airflow/dags/sigtap_extraction_dag.py
[2025-07-25T14:22:21.572+0000] {processor.py:830} INFO - Processing file /opt/airflow/dags/sigtap_extraction_dag.py for tasks to queue
[2025-07-25T14:22:21.574+0000] {logging_mixin.py:188} INFO - [2025-07-25T14:22:21.574+0000] {dagbag.py:545} INFO - Filling up the DagBag from /opt/airflow/dags/sigtap_extraction_dag.py
[2025-07-25T14:22:21.596+0000] {processor.py:840} INFO - DAG(s) 'sigtap_01_extraction' retrieved from /opt/airflow/dags/sigtap_extraction_dag.py
[2025-07-25T14:22:21.625+0000] {logging_mixin.py:188} INFO - [2025-07-25T14:22:21.624+0000] {dag.py:3096} INFO - Sync 1 DAGs
[2025-07-25T14:22:21.646+0000] {logging_mixin.py:188} INFO - [2025-07-25T14:22:21.646+0000] {dag.py:3954} INFO - Setting next_dagrun for sigtap_01_extraction to 2025-08-01 03:00:00+00:00, run_after=2025-09-01 03:00:00+00:00
[2025-07-25T14:22:21.663+0000] {processor.py:183} INFO - Processing /opt/airflow/dags/sigtap_extraction_dag.py took 0.099 seconds
[2025-07-25T14:22:51.873+0000] {processor.py:161} INFO - Started process (PID=87) to work on /opt/airflow/dags/sigtap_extraction_dag.py
[2025-07-25T14:22:51.874+0000] {processor.py:830} INFO - Processing file /opt/airflow/dags/sigtap_extraction_dag.py for tasks to queue
[2025-07-25T14:22:51.877+0000] {logging_mixin.py:188} INFO - [2025-07-25T14:22:51.877+0000] {dagbag.py:545} INFO - Filling up the DagBag from /opt/airflow/dags/sigtap_extraction_dag.py
[2025-07-25T14:22:51.910+0000] {processor.py:840} INFO - DAG(s) 'sigtap_01_extraction' retrieved from /opt/airflow/dags/sigtap_extraction_dag.py
[2025-07-25T14:22:51.940+0000] {logging_mixin.py:188} INFO - [2025-07-25T14:22:51.940+0000] {dag.py:3096} INFO - Sync 1 DAGs
[2025-07-25T14:22:51.962+0000] {logging_mixin.py:188} INFO - [2025-07-25T14:22:51.961+0000] {dag.py:3954} INFO - Setting next_dagrun for sigtap_01_extraction to 2025-08-01 03:00:00+00:00, run_after=2025-09-01 03:00:00+00:00
[2025-07-25T14:22:51.980+0000] {processor.py:183} INFO - Processing /opt/airflow/dags/sigtap_extraction_dag.py took 0.114 seconds
[2025-07-25T14:23:22.185+0000] {processor.py:161} INFO - Started process (PID=89) to work on /opt/airflow/dags/sigtap_extraction_dag.py
[2025-07-25T14:23:22.186+0000] {processor.py:830} INFO - Processing file /opt/airflow/dags/sigtap_extraction_dag.py for tasks to queue
[2025-07-25T14:23:22.188+0000] {logging_mixin.py:188} INFO - [2025-07-25T14:23:22.188+0000] {dagbag.py:545} INFO - Filling up the DagBag from /opt/airflow/dags/sigtap_extraction_dag.py
[2025-07-25T14:23:22.210+0000] {processor.py:840} INFO - DAG(s) 'sigtap_01_extraction' retrieved from /opt/airflow/dags/sigtap_extraction_dag.py
[2025-07-25T14:23:22.239+0000] {logging_mixin.py:188} INFO - [2025-07-25T14:23:22.238+0000] {dag.py:3096} INFO - Sync 1 DAGs
[2025-07-25T14:23:22.260+0000] {logging_mixin.py:188} INFO - [2025-07-25T14:23:22.260+0000] {dag.py:3954} INFO - Setting next_dagrun for sigtap_01_extraction to 2025-08-01 03:00:00+00:00, run_after=2025-09-01 03:00:00+00:00
[2025-07-25T14:23:22.277+0000] {processor.py:183} INFO - Processing /opt/airflow/dags/sigtap_extraction_dag.py took 0.098 seconds
[2025-07-25T14:23:52.484+0000] {processor.py:161} INFO - Started process (PID=91) to work on /opt/airflow/dags/sigtap_extraction_dag.py
[2025-07-25T14:23:52.485+0000] {processor.py:830} INFO - Processing file /opt/airflow/dags/sigtap_extraction_dag.py for tasks to queue
[2025-07-25T14:23:52.487+0000] {logging_mixin.py:188} INFO - [2025-07-25T14:23:52.486+0000] {dagbag.py:545} INFO - Filling up the DagBag from /opt/airflow/dags/sigtap_extraction_dag.py
[2025-07-25T14:23:52.515+0000] {processor.py:840} INFO - DAG(s) 'sigtap_01_extraction' retrieved from /opt/airflow/dags/sigtap_extraction_dag.py
[2025-07-25T14:23:52.543+0000] {logging_mixin.py:188} INFO - [2025-07-25T14:23:52.543+0000] {dag.py:3096} INFO - Sync 1 DAGs
[2025-07-25T14:23:52.566+0000] {logging_mixin.py:188} INFO - [2025-07-25T14:23:52.565+0000] {dag.py:3954} INFO - Setting next_dagrun for sigtap_01_extraction to 2025-08-01 03:00:00+00:00, run_after=2025-09-01 03:00:00+00:00
[2025-07-25T14:23:52.583+0000] {processor.py:183} INFO - Processing /opt/airflow/dags/sigtap_extraction_dag.py took 0.106 seconds
[2025-07-25T14:24:22.781+0000] {processor.py:161} INFO - Started process (PID=93) to work on /opt/airflow/dags/sigtap_extraction_dag.py
[2025-07-25T14:24:22.782+0000] {processor.py:830} INFO - Processing file /opt/airflow/dags/sigtap_extraction_dag.py for tasks to queue
[2025-07-25T14:24:22.783+0000] {logging_mixin.py:188} INFO - [2025-07-25T14:24:22.783+0000] {dagbag.py:545} INFO - Filling up the DagBag from /opt/airflow/dags/sigtap_extraction_dag.py
[2025-07-25T14:24:22.806+0000] {processor.py:840} INFO - DAG(s) 'sigtap_01_extraction' retrieved from /opt/airflow/dags/sigtap_extraction_dag.py
[2025-07-25T14:24:22.834+0000] {logging_mixin.py:188} INFO - [2025-07-25T14:24:22.834+0000] {dag.py:3096} INFO - Sync 1 DAGs
[2025-07-25T14:24:22.855+0000] {logging_mixin.py:188} INFO - [2025-07-25T14:24:22.855+0000] {dag.py:3954} INFO - Setting next_dagrun for sigtap_01_extraction to 2025-08-01 03:00:00+00:00, run_after=2025-09-01 03:00:00+00:00
[2025-07-25T14:24:22.872+0000] {processor.py:183} INFO - Processing /opt/airflow/dags/sigtap_extraction_dag.py took 0.097 seconds
[2025-07-25T14:24:53.101+0000] {processor.py:161} INFO - Started process (PID=95) to work on /opt/airflow/dags/sigtap_extraction_dag.py
[2025-07-25T14:24:53.102+0000] {processor.py:830} INFO - Processing file /opt/airflow/dags/sigtap_extraction_dag.py for tasks to queue
[2025-07-25T14:24:53.104+0000] {logging_mixin.py:188} INFO - [2025-07-25T14:24:53.103+0000] {dagbag.py:545} INFO - Filling up the DagBag from /opt/airflow/dags/sigtap_extraction_dag.py
[2025-07-25T14:24:53.126+0000] {processor.py:840} INFO - DAG(s) 'sigtap_01_extraction' retrieved from /opt/airflow/dags/sigtap_extraction_dag.py
[2025-07-25T14:24:53.154+0000] {logging_mixin.py:188} INFO - [2025-07-25T14:24:53.154+0000] {dag.py:3096} INFO - Sync 1 DAGs
[2025-07-25T14:24:53.178+0000] {logging_mixin.py:188} INFO - [2025-07-25T14:24:53.177+0000] {dag.py:3954} INFO - Setting next_dagrun for sigtap_01_extraction to 2025-08-01 03:00:00+00:00, run_after=2025-09-01 03:00:00+00:00
[2025-07-25T14:24:53.196+0000] {processor.py:183} INFO - Processing /opt/airflow/dags/sigtap_extraction_dag.py took 0.099 seconds
[2025-07-25T14:25:23.403+0000] {processor.py:161} INFO - Started process (PID=97) to work on /opt/airflow/dags/sigtap_extraction_dag.py
[2025-07-25T14:25:23.404+0000] {processor.py:830} INFO - Processing file /opt/airflow/dags/sigtap_extraction_dag.py for tasks to queue
[2025-07-25T14:25:23.407+0000] {logging_mixin.py:188} INFO - [2025-07-25T14:25:23.406+0000] {dagbag.py:545} INFO - Filling up the DagBag from /opt/airflow/dags/sigtap_extraction_dag.py
[2025-07-25T14:25:23.430+0000] {processor.py:840} INFO - DAG(s) 'sigtap_01_extraction' retrieved from /opt/airflow/dags/sigtap_extraction_dag.py
[2025-07-25T14:25:23.458+0000] {logging_mixin.py:188} INFO - [2025-07-25T14:25:23.458+0000] {dag.py:3096} INFO - Sync 1 DAGs
[2025-07-25T14:25:23.480+0000] {logging_mixin.py:188} INFO - [2025-07-25T14:25:23.480+0000] {dag.py:3954} INFO - Setting next_dagrun for sigtap_01_extraction to 2025-08-01 03:00:00+00:00, run_after=2025-09-01 03:00:00+00:00
[2025-07-25T14:25:23.500+0000] {processor.py:183} INFO - Processing /opt/airflow/dags/sigtap_extraction_dag.py took 0.103 seconds
[2025-07-25T14:25:53.743+0000] {processor.py:161} INFO - Started process (PID=99) to work on /opt/airflow/dags/sigtap_extraction_dag.py
[2025-07-25T14:25:53.743+0000] {processor.py:830} INFO - Processing file /opt/airflow/dags/sigtap_extraction_dag.py for tasks to queue
[2025-07-25T14:25:53.745+0000] {logging_mixin.py:188} INFO - [2025-07-25T14:25:53.745+0000] {dagbag.py:545} INFO - Filling up the DagBag from /opt/airflow/dags/sigtap_extraction_dag.py
[2025-07-25T14:25:53.768+0000] {processor.py:840} INFO - DAG(s) 'sigtap_01_extraction' retrieved from /opt/airflow/dags/sigtap_extraction_dag.py
[2025-07-25T14:25:53.796+0000] {logging_mixin.py:188} INFO - [2025-07-25T14:25:53.795+0000] {dag.py:3096} INFO - Sync 1 DAGs
[2025-07-25T14:25:53.816+0000] {logging_mixin.py:188} INFO - [2025-07-25T14:25:53.816+0000] {dag.py:3954} INFO - Setting next_dagrun for sigtap_01_extraction to 2025-08-01 03:00:00+00:00, run_after=2025-09-01 03:00:00+00:00
[2025-07-25T14:25:53.833+0000] {processor.py:183} INFO - Processing /opt/airflow/dags/sigtap_extraction_dag.py took 0.096 seconds
[2025-07-25T14:26:24.055+0000] {processor.py:161} INFO - Started process (PID=101) to work on /opt/airflow/dags/sigtap_extraction_dag.py
[2025-07-25T14:26:24.056+0000] {processor.py:830} INFO - Processing file /opt/airflow/dags/sigtap_extraction_dag.py for tasks to queue
[2025-07-25T14:26:24.058+0000] {logging_mixin.py:188} INFO - [2025-07-25T14:26:24.058+0000] {dagbag.py:545} INFO - Filling up the DagBag from /opt/airflow/dags/sigtap_extraction_dag.py
[2025-07-25T14:26:24.080+0000] {processor.py:840} INFO - DAG(s) 'sigtap_01_extraction' retrieved from /opt/airflow/dags/sigtap_extraction_dag.py
[2025-07-25T14:26:24.106+0000] {logging_mixin.py:188} INFO - [2025-07-25T14:26:24.106+0000] {dag.py:3096} INFO - Sync 1 DAGs
[2025-07-25T14:26:24.125+0000] {logging_mixin.py:188} INFO - [2025-07-25T14:26:24.125+0000] {dag.py:3954} INFO - Setting next_dagrun for sigtap_01_extraction to 2025-08-01 03:00:00+00:00, run_after=2025-09-01 03:00:00+00:00
[2025-07-25T14:26:24.143+0000] {processor.py:183} INFO - Processing /opt/airflow/dags/sigtap_extraction_dag.py took 0.095 seconds
[2025-07-25T14:26:54.364+0000] {processor.py:161} INFO - Started process (PID=103) to work on /opt/airflow/dags/sigtap_extraction_dag.py
[2025-07-25T14:26:54.365+0000] {processor.py:830} INFO - Processing file /opt/airflow/dags/sigtap_extraction_dag.py for tasks to queue
[2025-07-25T14:26:54.366+0000] {logging_mixin.py:188} INFO - [2025-07-25T14:26:54.366+0000] {dagbag.py:545} INFO - Filling up the DagBag from /opt/airflow/dags/sigtap_extraction_dag.py
[2025-07-25T14:26:54.389+0000] {processor.py:840} INFO - DAG(s) 'sigtap_01_extraction' retrieved from /opt/airflow/dags/sigtap_extraction_dag.py
[2025-07-25T14:26:54.416+0000] {logging_mixin.py:188} INFO - [2025-07-25T14:26:54.416+0000] {dag.py:3096} INFO - Sync 1 DAGs
[2025-07-25T14:26:54.438+0000] {logging_mixin.py:188} INFO - [2025-07-25T14:26:54.438+0000] {dag.py:3954} INFO - Setting next_dagrun for sigtap_01_extraction to 2025-08-01 03:00:00+00:00, run_after=2025-09-01 03:00:00+00:00
[2025-07-25T14:26:54.456+0000] {processor.py:183} INFO - Processing /opt/airflow/dags/sigtap_extraction_dag.py took 0.097 seconds
[2025-07-25T14:27:24.670+0000] {processor.py:161} INFO - Started process (PID=105) to work on /opt/airflow/dags/sigtap_extraction_dag.py
[2025-07-25T14:27:24.671+0000] {processor.py:830} INFO - Processing file /opt/airflow/dags/sigtap_extraction_dag.py for tasks to queue
[2025-07-25T14:27:24.673+0000] {logging_mixin.py:188} INFO - [2025-07-25T14:27:24.673+0000] {dagbag.py:545} INFO - Filling up the DagBag from /opt/airflow/dags/sigtap_extraction_dag.py
[2025-07-25T14:27:24.699+0000] {processor.py:840} INFO - DAG(s) 'sigtap_01_extraction' retrieved from /opt/airflow/dags/sigtap_extraction_dag.py
[2025-07-25T14:27:24.730+0000] {logging_mixin.py:188} INFO - [2025-07-25T14:27:24.730+0000] {dag.py:3096} INFO - Sync 1 DAGs
[2025-07-25T14:27:24.752+0000] {logging_mixin.py:188} INFO - [2025-07-25T14:27:24.751+0000] {dag.py:3954} INFO - Setting next_dagrun for sigtap_01_extraction to 2025-08-01 03:00:00+00:00, run_after=2025-09-01 03:00:00+00:00
[2025-07-25T14:27:24.770+0000] {processor.py:183} INFO - Processing /opt/airflow/dags/sigtap_extraction_dag.py took 0.106 seconds
[2025-07-25T14:27:54.980+0000] {processor.py:161} INFO - Started process (PID=107) to work on /opt/airflow/dags/sigtap_extraction_dag.py
[2025-07-25T14:27:54.981+0000] {processor.py:830} INFO - Processing file /opt/airflow/dags/sigtap_extraction_dag.py for tasks to queue
[2025-07-25T14:27:54.983+0000] {logging_mixin.py:188} INFO - [2025-07-25T14:27:54.983+0000] {dagbag.py:545} INFO - Filling up the DagBag from /opt/airflow/dags/sigtap_extraction_dag.py
[2025-07-25T14:27:55.007+0000] {processor.py:840} INFO - DAG(s) 'sigtap_01_extraction' retrieved from /opt/airflow/dags/sigtap_extraction_dag.py
[2025-07-25T14:27:55.037+0000] {logging_mixin.py:188} INFO - [2025-07-25T14:27:55.037+0000] {dag.py:3096} INFO - Sync 1 DAGs
[2025-07-25T14:27:55.060+0000] {logging_mixin.py:188} INFO - [2025-07-25T14:27:55.060+0000] {dag.py:3954} INFO - Setting next_dagrun for sigtap_01_extraction to 2025-08-01 03:00:00+00:00, run_after=2025-09-01 03:00:00+00:00
[2025-07-25T14:27:55.081+0000] {processor.py:183} INFO - Processing /opt/airflow/dags/sigtap_extraction_dag.py took 0.106 seconds
[2025-07-25T14:28:25.306+0000] {processor.py:161} INFO - Started process (PID=109) to work on /opt/airflow/dags/sigtap_extraction_dag.py
[2025-07-25T14:28:25.307+0000] {processor.py:830} INFO - Processing file /opt/airflow/dags/sigtap_extraction_dag.py for tasks to queue
[2025-07-25T14:28:25.309+0000] {logging_mixin.py:188} INFO - [2025-07-25T14:28:25.309+0000] {dagbag.py:545} INFO - Filling up the DagBag from /opt/airflow/dags/sigtap_extraction_dag.py
[2025-07-25T14:28:25.334+0000] {processor.py:840} INFO - DAG(s) 'sigtap_01_extraction' retrieved from /opt/airflow/dags/sigtap_extraction_dag.py
[2025-07-25T14:28:25.365+0000] {logging_mixin.py:188} INFO - [2025-07-25T14:28:25.365+0000] {dag.py:3096} INFO - Sync 1 DAGs
[2025-07-25T14:28:25.394+0000] {logging_mixin.py:188} INFO - [2025-07-25T14:28:25.393+0000] {dag.py:3954} INFO - Setting next_dagrun for sigtap_01_extraction to 2025-08-01 03:00:00+00:00, run_after=2025-09-01 03:00:00+00:00
[2025-07-25T14:28:25.415+0000] {processor.py:183} INFO - Processing /opt/airflow/dags/sigtap_extraction_dag.py took 0.117 seconds
[2025-07-25T14:28:55.641+0000] {processor.py:161} INFO - Started process (PID=111) to work on /opt/airflow/dags/sigtap_extraction_dag.py
[2025-07-25T14:28:55.642+0000] {processor.py:830} INFO - Processing file /opt/airflow/dags/sigtap_extraction_dag.py for tasks to queue
[2025-07-25T14:28:55.644+0000] {logging_mixin.py:188} INFO - [2025-07-25T14:28:55.644+0000] {dagbag.py:545} INFO - Filling up the DagBag from /opt/airflow/dags/sigtap_extraction_dag.py
[2025-07-25T14:28:55.667+0000] {processor.py:840} INFO - DAG(s) 'sigtap_01_extraction' retrieved from /opt/airflow/dags/sigtap_extraction_dag.py
[2025-07-25T14:28:55.694+0000] {logging_mixin.py:188} INFO - [2025-07-25T14:28:55.694+0000] {dag.py:3096} INFO - Sync 1 DAGs
[2025-07-25T14:28:55.716+0000] {logging_mixin.py:188} INFO - [2025-07-25T14:28:55.716+0000] {dag.py:3954} INFO - Setting next_dagrun for sigtap_01_extraction to 2025-08-01 03:00:00+00:00, run_after=2025-09-01 03:00:00+00:00
[2025-07-25T14:28:55.733+0000] {processor.py:183} INFO - Processing /opt/airflow/dags/sigtap_extraction_dag.py took 0.096 seconds
[2025-07-25T14:29:25.858+0000] {processor.py:161} INFO - Started process (PID=113) to work on /opt/airflow/dags/sigtap_extraction_dag.py
[2025-07-25T14:29:25.859+0000] {processor.py:830} INFO - Processing file /opt/airflow/dags/sigtap_extraction_dag.py for tasks to queue
[2025-07-25T14:29:25.860+0000] {logging_mixin.py:188} INFO - [2025-07-25T14:29:25.860+0000] {dagbag.py:545} INFO - Filling up the DagBag from /opt/airflow/dags/sigtap_extraction_dag.py
[2025-07-25T14:29:25.884+0000] {processor.py:840} INFO - DAG(s) 'sigtap_01_extraction' retrieved from /opt/airflow/dags/sigtap_extraction_dag.py
[2025-07-25T14:29:25.912+0000] {logging_mixin.py:188} INFO - [2025-07-25T14:29:25.912+0000] {dag.py:3096} INFO - Sync 1 DAGs
[2025-07-25T14:29:25.933+0000] {logging_mixin.py:188} INFO - [2025-07-25T14:29:25.933+0000] {dag.py:3954} INFO - Setting next_dagrun for sigtap_01_extraction to 2025-08-01 03:00:00+00:00, run_after=2025-09-01 03:00:00+00:00
[2025-07-25T14:29:25.951+0000] {processor.py:183} INFO - Processing /opt/airflow/dags/sigtap_extraction_dag.py took 0.100 seconds
[2025-07-25T14:29:56.196+0000] {processor.py:161} INFO - Started process (PID=115) to work on /opt/airflow/dags/sigtap_extraction_dag.py
[2025-07-25T14:29:56.197+0000] {processor.py:830} INFO - Processing file /opt/airflow/dags/sigtap_extraction_dag.py for tasks to queue
[2025-07-25T14:29:56.198+0000] {logging_mixin.py:188} INFO - [2025-07-25T14:29:56.198+0000] {dagbag.py:545} INFO - Filling up the DagBag from /opt/airflow/dags/sigtap_extraction_dag.py
[2025-07-25T14:29:56.220+0000] {processor.py:840} INFO - DAG(s) 'sigtap_01_extraction' retrieved from /opt/airflow/dags/sigtap_extraction_dag.py
[2025-07-25T14:29:56.249+0000] {logging_mixin.py:188} INFO - [2025-07-25T14:29:56.249+0000] {dag.py:3096} INFO - Sync 1 DAGs
[2025-07-25T14:29:56.270+0000] {logging_mixin.py:188} INFO - [2025-07-25T14:29:56.270+0000] {dag.py:3954} INFO - Setting next_dagrun for sigtap_01_extraction to 2025-08-01 03:00:00+00:00, run_after=2025-09-01 03:00:00+00:00
[2025-07-25T14:29:56.288+0000] {processor.py:183} INFO - Processing /opt/airflow/dags/sigtap_extraction_dag.py took 0.097 seconds
[2025-07-25T14:30:26.562+0000] {processor.py:161} INFO - Started process (PID=117) to work on /opt/airflow/dags/sigtap_extraction_dag.py
[2025-07-25T14:30:26.563+0000] {processor.py:830} INFO - Processing file /opt/airflow/dags/sigtap_extraction_dag.py for tasks to queue
[2025-07-25T14:30:26.565+0000] {logging_mixin.py:188} INFO - [2025-07-25T14:30:26.564+0000] {dagbag.py:545} INFO - Filling up the DagBag from /opt/airflow/dags/sigtap_extraction_dag.py
[2025-07-25T14:30:26.587+0000] {processor.py:840} INFO - DAG(s) 'sigtap_01_extraction' retrieved from /opt/airflow/dags/sigtap_extraction_dag.py
[2025-07-25T14:30:26.615+0000] {logging_mixin.py:188} INFO - [2025-07-25T14:30:26.615+0000] {dag.py:3096} INFO - Sync 1 DAGs
[2025-07-25T14:30:26.637+0000] {logging_mixin.py:188} INFO - [2025-07-25T14:30:26.637+0000] {dag.py:3954} INFO - Setting next_dagrun for sigtap_01_extraction to 2025-08-01 03:00:00+00:00, run_after=2025-09-01 03:00:00+00:00
[2025-07-25T14:30:26.655+0000] {processor.py:183} INFO - Processing /opt/airflow/dags/sigtap_extraction_dag.py took 0.099 seconds
[2025-07-25T14:30:56.864+0000] {processor.py:161} INFO - Started process (PID=119) to work on /opt/airflow/dags/sigtap_extraction_dag.py
[2025-07-25T14:30:56.865+0000] {processor.py:830} INFO - Processing file /opt/airflow/dags/sigtap_extraction_dag.py for tasks to queue
[2025-07-25T14:30:56.867+0000] {logging_mixin.py:188} INFO - [2025-07-25T14:30:56.866+0000] {dagbag.py:545} INFO - Filling up the DagBag from /opt/airflow/dags/sigtap_extraction_dag.py
[2025-07-25T14:30:56.888+0000] {processor.py:840} INFO - DAG(s) 'sigtap_01_extraction' retrieved from /opt/airflow/dags/sigtap_extraction_dag.py
[2025-07-25T14:30:56.916+0000] {logging_mixin.py:188} INFO - [2025-07-25T14:30:56.915+0000] {dag.py:3096} INFO - Sync 1 DAGs
[2025-07-25T14:30:56.937+0000] {logging_mixin.py:188} INFO - [2025-07-25T14:30:56.937+0000] {dag.py:3954} INFO - Setting next_dagrun for sigtap_01_extraction to 2025-08-01 03:00:00+00:00, run_after=2025-09-01 03:00:00+00:00
[2025-07-25T14:30:56.954+0000] {processor.py:183} INFO - Processing /opt/airflow/dags/sigtap_extraction_dag.py took 0.095 seconds
[2025-07-25T14:31:27.196+0000] {processor.py:161} INFO - Started process (PID=121) to work on /opt/airflow/dags/sigtap_extraction_dag.py
[2025-07-25T14:31:27.198+0000] {processor.py:830} INFO - Processing file /opt/airflow/dags/sigtap_extraction_dag.py for tasks to queue
[2025-07-25T14:31:27.201+0000] {logging_mixin.py:188} INFO - [2025-07-25T14:31:27.201+0000] {dagbag.py:545} INFO - Filling up the DagBag from /opt/airflow/dags/sigtap_extraction_dag.py
[2025-07-25T14:31:27.257+0000] {processor.py:840} INFO - DAG(s) 'sigtap_01_extraction' retrieved from /opt/airflow/dags/sigtap_extraction_dag.py
[2025-07-25T14:31:27.331+0000] {logging_mixin.py:188} INFO - [2025-07-25T14:31:27.331+0000] {dag.py:3096} INFO - Sync 1 DAGs
[2025-07-25T14:31:27.392+0000] {logging_mixin.py:188} INFO - [2025-07-25T14:31:27.392+0000] {dag.py:3954} INFO - Setting next_dagrun for sigtap_01_extraction to 2025-08-01 03:00:00+00:00, run_after=2025-09-01 03:00:00+00:00
[2025-07-25T14:31:27.448+0000] {processor.py:183} INFO - Processing /opt/airflow/dags/sigtap_extraction_dag.py took 0.269 seconds
[2025-07-25T14:31:58.423+0000] {processor.py:161} INFO - Started process (PID=123) to work on /opt/airflow/dags/sigtap_extraction_dag.py
[2025-07-25T14:31:58.425+0000] {processor.py:830} INFO - Processing file /opt/airflow/dags/sigtap_extraction_dag.py for tasks to queue
[2025-07-25T14:31:58.434+0000] {logging_mixin.py:188} INFO - [2025-07-25T14:31:58.433+0000] {dagbag.py:545} INFO - Filling up the DagBag from /opt/airflow/dags/sigtap_extraction_dag.py
[2025-07-25T14:31:58.524+0000] {processor.py:840} INFO - DAG(s) 'sigtap_01_extraction' retrieved from /opt/airflow/dags/sigtap_extraction_dag.py
[2025-07-25T14:31:58.601+0000] {logging_mixin.py:188} INFO - [2025-07-25T14:31:58.601+0000] {dag.py:3096} INFO - Sync 1 DAGs
[2025-07-25T14:31:58.656+0000] {logging_mixin.py:188} INFO - [2025-07-25T14:31:58.656+0000] {dag.py:3954} INFO - Setting next_dagrun for sigtap_01_extraction to 2025-08-01 03:00:00+00:00, run_after=2025-09-01 03:00:00+00:00
[2025-07-25T14:31:58.718+0000] {processor.py:183} INFO - Processing /opt/airflow/dags/sigtap_extraction_dag.py took 0.305 seconds
[2025-07-25T14:32:28.799+0000] {processor.py:161} INFO - Started process (PID=125) to work on /opt/airflow/dags/sigtap_extraction_dag.py
[2025-07-25T14:32:28.801+0000] {processor.py:830} INFO - Processing file /opt/airflow/dags/sigtap_extraction_dag.py for tasks to queue
[2025-07-25T14:32:28.803+0000] {logging_mixin.py:188} INFO - [2025-07-25T14:32:28.803+0000] {dagbag.py:545} INFO - Filling up the DagBag from /opt/airflow/dags/sigtap_extraction_dag.py
[2025-07-25T14:32:28.830+0000] {processor.py:840} INFO - DAG(s) 'sigtap_01_extraction' retrieved from /opt/airflow/dags/sigtap_extraction_dag.py
[2025-07-25T14:32:28.863+0000] {logging_mixin.py:188} INFO - [2025-07-25T14:32:28.863+0000] {dag.py:3096} INFO - Sync 1 DAGs
[2025-07-25T14:32:28.890+0000] {logging_mixin.py:188} INFO - [2025-07-25T14:32:28.890+0000] {dag.py:3954} INFO - Setting next_dagrun for sigtap_01_extraction to 2025-08-01 03:00:00+00:00, run_after=2025-09-01 03:00:00+00:00
[2025-07-25T14:32:28.912+0000] {processor.py:183} INFO - Processing /opt/airflow/dags/sigtap_extraction_dag.py took 0.119 seconds
[2025-07-25T14:32:58.966+0000] {processor.py:161} INFO - Started process (PID=127) to work on /opt/airflow/dags/sigtap_extraction_dag.py
[2025-07-25T14:32:58.967+0000] {processor.py:830} INFO - Processing file /opt/airflow/dags/sigtap_extraction_dag.py for tasks to queue
[2025-07-25T14:32:58.969+0000] {logging_mixin.py:188} INFO - [2025-07-25T14:32:58.969+0000] {dagbag.py:545} INFO - Filling up the DagBag from /opt/airflow/dags/sigtap_extraction_dag.py
[2025-07-25T14:32:58.994+0000] {processor.py:840} INFO - DAG(s) 'sigtap_01_extraction' retrieved from /opt/airflow/dags/sigtap_extraction_dag.py
[2025-07-25T14:32:59.024+0000] {logging_mixin.py:188} INFO - [2025-07-25T14:32:59.023+0000] {dag.py:3096} INFO - Sync 1 DAGs
[2025-07-25T14:32:59.046+0000] {logging_mixin.py:188} INFO - [2025-07-25T14:32:59.046+0000] {dag.py:3954} INFO - Setting next_dagrun for sigtap_01_extraction to 2025-08-01 03:00:00+00:00, run_after=2025-09-01 03:00:00+00:00
[2025-07-25T14:32:59.063+0000] {processor.py:183} INFO - Processing /opt/airflow/dags/sigtap_extraction_dag.py took 0.104 seconds
[2025-07-25T14:33:29.239+0000] {processor.py:161} INFO - Started process (PID=129) to work on /opt/airflow/dags/sigtap_extraction_dag.py
[2025-07-25T14:33:29.240+0000] {processor.py:830} INFO - Processing file /opt/airflow/dags/sigtap_extraction_dag.py for tasks to queue
[2025-07-25T14:33:29.242+0000] {logging_mixin.py:188} INFO - [2025-07-25T14:33:29.242+0000] {dagbag.py:545} INFO - Filling up the DagBag from /opt/airflow/dags/sigtap_extraction_dag.py
[2025-07-25T14:33:29.265+0000] {processor.py:840} INFO - DAG(s) 'sigtap_01_extraction' retrieved from /opt/airflow/dags/sigtap_extraction_dag.py
[2025-07-25T14:33:29.293+0000] {logging_mixin.py:188} INFO - [2025-07-25T14:33:29.293+0000] {dag.py:3096} INFO - Sync 1 DAGs
[2025-07-25T14:33:29.314+0000] {logging_mixin.py:188} INFO - [2025-07-25T14:33:29.314+0000] {dag.py:3954} INFO - Setting next_dagrun for sigtap_01_extraction to 2025-08-01 03:00:00+00:00, run_after=2025-09-01 03:00:00+00:00
[2025-07-25T14:33:29.331+0000] {processor.py:183} INFO - Processing /opt/airflow/dags/sigtap_extraction_dag.py took 0.097 seconds
[2025-07-25T14:33:59.513+0000] {processor.py:161} INFO - Started process (PID=131) to work on /opt/airflow/dags/sigtap_extraction_dag.py
[2025-07-25T14:33:59.514+0000] {processor.py:830} INFO - Processing file /opt/airflow/dags/sigtap_extraction_dag.py for tasks to queue
[2025-07-25T14:33:59.516+0000] {logging_mixin.py:188} INFO - [2025-07-25T14:33:59.516+0000] {dagbag.py:545} INFO - Filling up the DagBag from /opt/airflow/dags/sigtap_extraction_dag.py
[2025-07-25T14:33:59.542+0000] {processor.py:840} INFO - DAG(s) 'sigtap_01_extraction' retrieved from /opt/airflow/dags/sigtap_extraction_dag.py
[2025-07-25T14:33:59.570+0000] {logging_mixin.py:188} INFO - [2025-07-25T14:33:59.570+0000] {dag.py:3096} INFO - Sync 1 DAGs
[2025-07-25T14:33:59.591+0000] {logging_mixin.py:188} INFO - [2025-07-25T14:33:59.591+0000] {dag.py:3954} INFO - Setting next_dagrun for sigtap_01_extraction to 2025-08-01 03:00:00+00:00, run_after=2025-09-01 03:00:00+00:00
[2025-07-25T14:33:59.608+0000] {processor.py:183} INFO - Processing /opt/airflow/dags/sigtap_extraction_dag.py took 0.100 seconds
[2025-07-25T14:34:29.792+0000] {processor.py:161} INFO - Started process (PID=133) to work on /opt/airflow/dags/sigtap_extraction_dag.py
[2025-07-25T14:34:29.793+0000] {processor.py:830} INFO - Processing file /opt/airflow/dags/sigtap_extraction_dag.py for tasks to queue
[2025-07-25T14:34:29.795+0000] {logging_mixin.py:188} INFO - [2025-07-25T14:34:29.794+0000] {dagbag.py:545} INFO - Filling up the DagBag from /opt/airflow/dags/sigtap_extraction_dag.py
[2025-07-25T14:34:29.819+0000] {processor.py:840} INFO - DAG(s) 'sigtap_01_extraction' retrieved from /opt/airflow/dags/sigtap_extraction_dag.py
[2025-07-25T14:34:29.845+0000] {logging_mixin.py:188} INFO - [2025-07-25T14:34:29.845+0000] {dag.py:3096} INFO - Sync 1 DAGs
[2025-07-25T14:34:29.865+0000] {logging_mixin.py:188} INFO - [2025-07-25T14:34:29.865+0000] {dag.py:3954} INFO - Setting next_dagrun for sigtap_01_extraction to 2025-08-01 03:00:00+00:00, run_after=2025-09-01 03:00:00+00:00
[2025-07-25T14:34:29.882+0000] {processor.py:183} INFO - Processing /opt/airflow/dags/sigtap_extraction_dag.py took 0.094 seconds
[2025-07-25T14:35:00.058+0000] {processor.py:161} INFO - Started process (PID=135) to work on /opt/airflow/dags/sigtap_extraction_dag.py
[2025-07-25T14:35:00.059+0000] {processor.py:830} INFO - Processing file /opt/airflow/dags/sigtap_extraction_dag.py for tasks to queue
[2025-07-25T14:35:00.061+0000] {logging_mixin.py:188} INFO - [2025-07-25T14:35:00.060+0000] {dagbag.py:545} INFO - Filling up the DagBag from /opt/airflow/dags/sigtap_extraction_dag.py
[2025-07-25T14:35:00.086+0000] {processor.py:840} INFO - DAG(s) 'sigtap_01_extraction' retrieved from /opt/airflow/dags/sigtap_extraction_dag.py
[2025-07-25T14:35:00.114+0000] {logging_mixin.py:188} INFO - [2025-07-25T14:35:00.114+0000] {dag.py:3096} INFO - Sync 1 DAGs
[2025-07-25T14:35:00.135+0000] {logging_mixin.py:188} INFO - [2025-07-25T14:35:00.135+0000] {dag.py:3954} INFO - Setting next_dagrun for sigtap_01_extraction to 2025-08-01 03:00:00+00:00, run_after=2025-09-01 03:00:00+00:00
[2025-07-25T14:35:00.152+0000] {processor.py:183} INFO - Processing /opt/airflow/dags/sigtap_extraction_dag.py took 0.099 seconds
[2025-07-25T14:35:30.272+0000] {processor.py:161} INFO - Started process (PID=137) to work on /opt/airflow/dags/sigtap_extraction_dag.py
[2025-07-25T14:35:30.273+0000] {processor.py:830} INFO - Processing file /opt/airflow/dags/sigtap_extraction_dag.py for tasks to queue
[2025-07-25T14:35:30.275+0000] {logging_mixin.py:188} INFO - [2025-07-25T14:35:30.275+0000] {dagbag.py:545} INFO - Filling up the DagBag from /opt/airflow/dags/sigtap_extraction_dag.py
[2025-07-25T14:35:30.301+0000] {processor.py:840} INFO - DAG(s) 'sigtap_01_extraction' retrieved from /opt/airflow/dags/sigtap_extraction_dag.py
[2025-07-25T14:35:30.331+0000] {logging_mixin.py:188} INFO - [2025-07-25T14:35:30.330+0000] {dag.py:3096} INFO - Sync 1 DAGs
[2025-07-25T14:35:30.355+0000] {logging_mixin.py:188} INFO - [2025-07-25T14:35:30.354+0000] {dag.py:3954} INFO - Setting next_dagrun for sigtap_01_extraction to 2025-08-01 03:00:00+00:00, run_after=2025-09-01 03:00:00+00:00
[2025-07-25T14:35:30.374+0000] {processor.py:183} INFO - Processing /opt/airflow/dags/sigtap_extraction_dag.py took 0.109 seconds
[2025-07-25T14:36:00.565+0000] {processor.py:161} INFO - Started process (PID=139) to work on /opt/airflow/dags/sigtap_extraction_dag.py
[2025-07-25T14:36:00.567+0000] {processor.py:830} INFO - Processing file /opt/airflow/dags/sigtap_extraction_dag.py for tasks to queue
[2025-07-25T14:36:00.569+0000] {logging_mixin.py:188} INFO - [2025-07-25T14:36:00.568+0000] {dagbag.py:545} INFO - Filling up the DagBag from /opt/airflow/dags/sigtap_extraction_dag.py
[2025-07-25T14:36:00.593+0000] {processor.py:840} INFO - DAG(s) 'sigtap_01_extraction' retrieved from /opt/airflow/dags/sigtap_extraction_dag.py
[2025-07-25T14:36:00.622+0000] {logging_mixin.py:188} INFO - [2025-07-25T14:36:00.622+0000] {dag.py:3096} INFO - Sync 1 DAGs
[2025-07-25T14:36:00.644+0000] {logging_mixin.py:188} INFO - [2025-07-25T14:36:00.644+0000] {dag.py:3954} INFO - Setting next_dagrun for sigtap_01_extraction to 2025-08-01 03:00:00+00:00, run_after=2025-09-01 03:00:00+00:00
[2025-07-25T14:36:00.662+0000] {processor.py:183} INFO - Processing /opt/airflow/dags/sigtap_extraction_dag.py took 0.102 seconds
[2025-07-25T14:36:30.840+0000] {processor.py:161} INFO - Started process (PID=141) to work on /opt/airflow/dags/sigtap_extraction_dag.py
[2025-07-25T14:36:30.841+0000] {processor.py:830} INFO - Processing file /opt/airflow/dags/sigtap_extraction_dag.py for tasks to queue
[2025-07-25T14:36:30.843+0000] {logging_mixin.py:188} INFO - [2025-07-25T14:36:30.843+0000] {dagbag.py:545} INFO - Filling up the DagBag from /opt/airflow/dags/sigtap_extraction_dag.py
[2025-07-25T14:36:30.868+0000] {processor.py:840} INFO - DAG(s) 'sigtap_01_extraction' retrieved from /opt/airflow/dags/sigtap_extraction_dag.py
[2025-07-25T14:36:30.895+0000] {logging_mixin.py:188} INFO - [2025-07-25T14:36:30.895+0000] {dag.py:3096} INFO - Sync 1 DAGs
[2025-07-25T14:36:30.920+0000] {logging_mixin.py:188} INFO - [2025-07-25T14:36:30.920+0000] {dag.py:3954} INFO - Setting next_dagrun for sigtap_01_extraction to 2025-08-01 03:00:00+00:00, run_after=2025-09-01 03:00:00+00:00
[2025-07-25T14:36:30.943+0000] {processor.py:183} INFO - Processing /opt/airflow/dags/sigtap_extraction_dag.py took 0.108 seconds
[2025-07-25T14:37:01.014+0000] {processor.py:161} INFO - Started process (PID=143) to work on /opt/airflow/dags/sigtap_extraction_dag.py
[2025-07-25T14:37:01.015+0000] {processor.py:830} INFO - Processing file /opt/airflow/dags/sigtap_extraction_dag.py for tasks to queue
[2025-07-25T14:37:01.018+0000] {logging_mixin.py:188} INFO - [2025-07-25T14:37:01.018+0000] {dagbag.py:545} INFO - Filling up the DagBag from /opt/airflow/dags/sigtap_extraction_dag.py
[2025-07-25T14:37:01.045+0000] {processor.py:840} INFO - DAG(s) 'sigtap_01_extraction' retrieved from /opt/airflow/dags/sigtap_extraction_dag.py
[2025-07-25T14:37:01.075+0000] {logging_mixin.py:188} INFO - [2025-07-25T14:37:01.075+0000] {dag.py:3096} INFO - Sync 1 DAGs
[2025-07-25T14:37:01.097+0000] {logging_mixin.py:188} INFO - [2025-07-25T14:37:01.097+0000] {dag.py:3954} INFO - Setting next_dagrun for sigtap_01_extraction to 2025-08-01 03:00:00+00:00, run_after=2025-09-01 03:00:00+00:00
[2025-07-25T14:37:01.115+0000] {processor.py:183} INFO - Processing /opt/airflow/dags/sigtap_extraction_dag.py took 0.107 seconds
[2025-07-25T14:37:31.294+0000] {processor.py:161} INFO - Started process (PID=145) to work on /opt/airflow/dags/sigtap_extraction_dag.py
[2025-07-25T14:37:31.295+0000] {processor.py:830} INFO - Processing file /opt/airflow/dags/sigtap_extraction_dag.py for tasks to queue
[2025-07-25T14:37:31.297+0000] {logging_mixin.py:188} INFO - [2025-07-25T14:37:31.297+0000] {dagbag.py:545} INFO - Filling up the DagBag from /opt/airflow/dags/sigtap_extraction_dag.py
[2025-07-25T14:37:31.318+0000] {processor.py:840} INFO - DAG(s) 'sigtap_01_extraction' retrieved from /opt/airflow/dags/sigtap_extraction_dag.py
[2025-07-25T14:37:31.344+0000] {logging_mixin.py:188} INFO - [2025-07-25T14:37:31.344+0000] {dag.py:3096} INFO - Sync 1 DAGs
[2025-07-25T14:37:31.366+0000] {logging_mixin.py:188} INFO - [2025-07-25T14:37:31.365+0000] {dag.py:3954} INFO - Setting next_dagrun for sigtap_01_extraction to 2025-08-01 03:00:00+00:00, run_after=2025-09-01 03:00:00+00:00
[2025-07-25T14:37:31.382+0000] {processor.py:183} INFO - Processing /opt/airflow/dags/sigtap_extraction_dag.py took 0.093 seconds
[2025-07-25T14:38:01.562+0000] {processor.py:161} INFO - Started process (PID=147) to work on /opt/airflow/dags/sigtap_extraction_dag.py
[2025-07-25T14:38:01.563+0000] {processor.py:830} INFO - Processing file /opt/airflow/dags/sigtap_extraction_dag.py for tasks to queue
[2025-07-25T14:38:01.565+0000] {logging_mixin.py:188} INFO - [2025-07-25T14:38:01.565+0000] {dagbag.py:545} INFO - Filling up the DagBag from /opt/airflow/dags/sigtap_extraction_dag.py
[2025-07-25T14:38:01.590+0000] {processor.py:840} INFO - DAG(s) 'sigtap_01_extraction' retrieved from /opt/airflow/dags/sigtap_extraction_dag.py
[2025-07-25T14:38:01.616+0000] {logging_mixin.py:188} INFO - [2025-07-25T14:38:01.616+0000] {dag.py:3096} INFO - Sync 1 DAGs
[2025-07-25T14:38:01.638+0000] {logging_mixin.py:188} INFO - [2025-07-25T14:38:01.637+0000] {dag.py:3954} INFO - Setting next_dagrun for sigtap_01_extraction to 2025-08-01 03:00:00+00:00, run_after=2025-09-01 03:00:00+00:00
[2025-07-25T14:38:01.655+0000] {processor.py:183} INFO - Processing /opt/airflow/dags/sigtap_extraction_dag.py took 0.098 seconds
[2025-07-25T14:38:31.846+0000] {processor.py:161} INFO - Started process (PID=149) to work on /opt/airflow/dags/sigtap_extraction_dag.py
[2025-07-25T14:38:31.847+0000] {processor.py:830} INFO - Processing file /opt/airflow/dags/sigtap_extraction_dag.py for tasks to queue
[2025-07-25T14:38:31.849+0000] {logging_mixin.py:188} INFO - [2025-07-25T14:38:31.849+0000] {dagbag.py:545} INFO - Filling up the DagBag from /opt/airflow/dags/sigtap_extraction_dag.py
[2025-07-25T14:38:31.879+0000] {processor.py:840} INFO - DAG(s) 'sigtap_01_extraction' retrieved from /opt/airflow/dags/sigtap_extraction_dag.py
[2025-07-25T14:38:31.919+0000] {logging_mixin.py:188} INFO - [2025-07-25T14:38:31.918+0000] {dag.py:3096} INFO - Sync 1 DAGs
[2025-07-25T14:38:31.952+0000] {logging_mixin.py:188} INFO - [2025-07-25T14:38:31.952+0000] {dag.py:3954} INFO - Setting next_dagrun for sigtap_01_extraction to 2025-08-01 03:00:00+00:00, run_after=2025-09-01 03:00:00+00:00
[2025-07-25T14:38:31.980+0000] {processor.py:183} INFO - Processing /opt/airflow/dags/sigtap_extraction_dag.py took 0.141 seconds
[2025-07-25T14:39:02.041+0000] {processor.py:161} INFO - Started process (PID=151) to work on /opt/airflow/dags/sigtap_extraction_dag.py
[2025-07-25T14:39:02.042+0000] {processor.py:830} INFO - Processing file /opt/airflow/dags/sigtap_extraction_dag.py for tasks to queue
[2025-07-25T14:39:02.044+0000] {logging_mixin.py:188} INFO - [2025-07-25T14:39:02.044+0000] {dagbag.py:545} INFO - Filling up the DagBag from /opt/airflow/dags/sigtap_extraction_dag.py
[2025-07-25T14:39:02.075+0000] {processor.py:840} INFO - DAG(s) 'sigtap_01_extraction' retrieved from /opt/airflow/dags/sigtap_extraction_dag.py
[2025-07-25T14:39:02.108+0000] {logging_mixin.py:188} INFO - [2025-07-25T14:39:02.108+0000] {dag.py:3096} INFO - Sync 1 DAGs
[2025-07-25T14:39:02.134+0000] {logging_mixin.py:188} INFO - [2025-07-25T14:39:02.134+0000] {dag.py:3954} INFO - Setting next_dagrun for sigtap_01_extraction to 2025-08-01 03:00:00+00:00, run_after=2025-09-01 03:00:00+00:00
[2025-07-25T14:39:02.156+0000] {processor.py:183} INFO - Processing /opt/airflow/dags/sigtap_extraction_dag.py took 0.122 seconds
[2025-07-25T14:39:32.356+0000] {processor.py:161} INFO - Started process (PID=153) to work on /opt/airflow/dags/sigtap_extraction_dag.py
[2025-07-25T14:39:32.357+0000] {processor.py:830} INFO - Processing file /opt/airflow/dags/sigtap_extraction_dag.py for tasks to queue
[2025-07-25T14:39:32.360+0000] {logging_mixin.py:188} INFO - [2025-07-25T14:39:32.359+0000] {dagbag.py:545} INFO - Filling up the DagBag from /opt/airflow/dags/sigtap_extraction_dag.py
[2025-07-25T14:39:32.390+0000] {processor.py:840} INFO - DAG(s) 'sigtap_01_extraction' retrieved from /opt/airflow/dags/sigtap_extraction_dag.py
[2025-07-25T14:39:32.424+0000] {logging_mixin.py:188} INFO - [2025-07-25T14:39:32.423+0000] {dag.py:3096} INFO - Sync 1 DAGs
[2025-07-25T14:39:32.454+0000] {logging_mixin.py:188} INFO - [2025-07-25T14:39:32.453+0000] {dag.py:3954} INFO - Setting next_dagrun for sigtap_01_extraction to 2025-08-01 03:00:00+00:00, run_after=2025-09-01 03:00:00+00:00
[2025-07-25T14:39:32.476+0000] {processor.py:183} INFO - Processing /opt/airflow/dags/sigtap_extraction_dag.py took 0.129 seconds
[2025-07-25T14:40:02.703+0000] {processor.py:161} INFO - Started process (PID=155) to work on /opt/airflow/dags/sigtap_extraction_dag.py
[2025-07-25T14:40:02.704+0000] {processor.py:830} INFO - Processing file /opt/airflow/dags/sigtap_extraction_dag.py for tasks to queue
[2025-07-25T14:40:02.706+0000] {logging_mixin.py:188} INFO - [2025-07-25T14:40:02.706+0000] {dagbag.py:545} INFO - Filling up the DagBag from /opt/airflow/dags/sigtap_extraction_dag.py
[2025-07-25T14:40:02.742+0000] {processor.py:840} INFO - DAG(s) 'sigtap_01_extraction' retrieved from /opt/airflow/dags/sigtap_extraction_dag.py
[2025-07-25T14:40:02.779+0000] {logging_mixin.py:188} INFO - [2025-07-25T14:40:02.778+0000] {dag.py:3096} INFO - Sync 1 DAGs
[2025-07-25T14:40:02.805+0000] {logging_mixin.py:188} INFO - [2025-07-25T14:40:02.805+0000] {dag.py:3954} INFO - Setting next_dagrun for sigtap_01_extraction to 2025-08-01 03:00:00+00:00, run_after=2025-09-01 03:00:00+00:00
[2025-07-25T14:40:02.827+0000] {processor.py:183} INFO - Processing /opt/airflow/dags/sigtap_extraction_dag.py took 0.135 seconds
[2025-07-25T14:40:32.925+0000] {processor.py:161} INFO - Started process (PID=157) to work on /opt/airflow/dags/sigtap_extraction_dag.py
[2025-07-25T14:40:32.926+0000] {processor.py:830} INFO - Processing file /opt/airflow/dags/sigtap_extraction_dag.py for tasks to queue
[2025-07-25T14:40:32.928+0000] {logging_mixin.py:188} INFO - [2025-07-25T14:40:32.927+0000] {dagbag.py:545} INFO - Filling up the DagBag from /opt/airflow/dags/sigtap_extraction_dag.py
[2025-07-25T14:40:32.957+0000] {processor.py:840} INFO - DAG(s) 'sigtap_01_extraction' retrieved from /opt/airflow/dags/sigtap_extraction_dag.py
[2025-07-25T14:40:32.991+0000] {logging_mixin.py:188} INFO - [2025-07-25T14:40:32.991+0000] {dag.py:3096} INFO - Sync 1 DAGs
[2025-07-25T14:40:33.018+0000] {logging_mixin.py:188} INFO - [2025-07-25T14:40:33.018+0000] {dag.py:3954} INFO - Setting next_dagrun for sigtap_01_extraction to 2025-08-01 03:00:00+00:00, run_after=2025-09-01 03:00:00+00:00
[2025-07-25T14:40:33.043+0000] {processor.py:183} INFO - Processing /opt/airflow/dags/sigtap_extraction_dag.py took 0.125 seconds
[2025-07-25T14:41:03.275+0000] {processor.py:161} INFO - Started process (PID=159) to work on /opt/airflow/dags/sigtap_extraction_dag.py
[2025-07-25T14:41:03.276+0000] {processor.py:830} INFO - Processing file /opt/airflow/dags/sigtap_extraction_dag.py for tasks to queue
[2025-07-25T14:41:03.278+0000] {logging_mixin.py:188} INFO - [2025-07-25T14:41:03.278+0000] {dagbag.py:545} INFO - Filling up the DagBag from /opt/airflow/dags/sigtap_extraction_dag.py
[2025-07-25T14:41:03.311+0000] {processor.py:840} INFO - DAG(s) 'sigtap_01_extraction' retrieved from /opt/airflow/dags/sigtap_extraction_dag.py
[2025-07-25T14:41:03.349+0000] {logging_mixin.py:188} INFO - [2025-07-25T14:41:03.349+0000] {dag.py:3096} INFO - Sync 1 DAGs
[2025-07-25T14:41:03.385+0000] {logging_mixin.py:188} INFO - [2025-07-25T14:41:03.385+0000] {dag.py:3954} INFO - Setting next_dagrun for sigtap_01_extraction to 2025-08-01 03:00:00+00:00, run_after=2025-09-01 03:00:00+00:00
[2025-07-25T14:41:03.442+0000] {processor.py:183} INFO - Processing /opt/airflow/dags/sigtap_extraction_dag.py took 0.175 seconds
[2025-07-25T14:41:33.640+0000] {processor.py:161} INFO - Started process (PID=161) to work on /opt/airflow/dags/sigtap_extraction_dag.py
[2025-07-25T14:41:33.650+0000] {processor.py:830} INFO - Processing file /opt/airflow/dags/sigtap_extraction_dag.py for tasks to queue
[2025-07-25T14:41:33.658+0000] {logging_mixin.py:188} INFO - [2025-07-25T14:41:33.657+0000] {dagbag.py:545} INFO - Filling up the DagBag from /opt/airflow/dags/sigtap_extraction_dag.py
[2025-07-25T14:41:33.745+0000] {processor.py:840} INFO - DAG(s) 'sigtap_01_extraction' retrieved from /opt/airflow/dags/sigtap_extraction_dag.py
[2025-07-25T14:41:33.833+0000] {logging_mixin.py:188} INFO - [2025-07-25T14:41:33.832+0000] {dag.py:3096} INFO - Sync 1 DAGs
[2025-07-25T14:41:33.916+0000] {logging_mixin.py:188} INFO - [2025-07-25T14:41:33.916+0000] {dag.py:3954} INFO - Setting next_dagrun for sigtap_01_extraction to 2025-08-01 03:00:00+00:00, run_after=2025-09-01 03:00:00+00:00
[2025-07-25T14:41:33.967+0000] {processor.py:183} INFO - Processing /opt/airflow/dags/sigtap_extraction_dag.py took 0.340 seconds
[2025-07-25T14:42:04.847+0000] {processor.py:161} INFO - Started process (PID=163) to work on /opt/airflow/dags/sigtap_extraction_dag.py
[2025-07-25T14:42:04.853+0000] {processor.py:830} INFO - Processing file /opt/airflow/dags/sigtap_extraction_dag.py for tasks to queue
[2025-07-25T14:42:04.859+0000] {logging_mixin.py:188} INFO - [2025-07-25T14:42:04.858+0000] {dagbag.py:545} INFO - Filling up the DagBag from /opt/airflow/dags/sigtap_extraction_dag.py
[2025-07-25T14:42:04.951+0000] {processor.py:840} INFO - DAG(s) 'sigtap_01_extraction' retrieved from /opt/airflow/dags/sigtap_extraction_dag.py
[2025-07-25T14:42:05.059+0000] {logging_mixin.py:188} INFO - [2025-07-25T14:42:05.058+0000] {dag.py:3096} INFO - Sync 1 DAGs
[2025-07-25T14:42:05.121+0000] {logging_mixin.py:188} INFO - [2025-07-25T14:42:05.121+0000] {dag.py:3954} INFO - Setting next_dagrun for sigtap_01_extraction to 2025-08-01 03:00:00+00:00, run_after=2025-09-01 03:00:00+00:00
[2025-07-25T14:42:05.170+0000] {processor.py:183} INFO - Processing /opt/airflow/dags/sigtap_extraction_dag.py took 0.344 seconds
