[2025-07-25T21:23:31.971+0000] {local_task_job_runner.py:120} INFO - ::group::Pre task execution logs
[2025-07-25T21:23:31.994+0000] {taskinstance.py:2076} INFO - Dependencies all met for dep_context=non-requeueable deps ti=<TaskInstance: sigtap_01_extraction.extracao_e_descompactacao manual__2025-07-25T21:23:30.268419+00:00 [queued]>
[2025-07-25T21:23:32.002+0000] {taskinstance.py:2076} INFO - Dependencies all met for dep_context=requeueable deps ti=<TaskInstance: sigtap_01_extraction.extracao_e_descompactacao manual__2025-07-25T21:23:30.268419+00:00 [queued]>
[2025-07-25T21:23:32.003+0000] {taskinstance.py:2306} INFO - Starting attempt 1 of 1
[2025-07-25T21:23:32.015+0000] {taskinstance.py:2330} INFO - Executing <Task(BashOperator): extracao_e_descompactacao> on 2025-07-25 21:23:30.268419+00:00
[2025-07-25T21:23:32.023+0000] {warnings.py:112} WARNING - /home/airflow/.local/lib/python3.12/site-packages/airflow/task/task_runner/standard_task_runner.py:61: DeprecationWarning: This process (pid=56) is multi-threaded, use of fork() may lead to deadlocks in the child.
  pid = os.fork()

[2025-07-25T21:23:32.024+0000] {standard_task_runner.py:90} INFO - Running: ['airflow', 'tasks', 'run', 'sigtap_01_extraction', 'extracao_e_descompactacao', 'manual__2025-07-25T21:23:30.268419+00:00', '--job-id', '2', '--raw', '--subdir', 'DAGS_FOLDER/sigtap_extraction_dag.py', '--cfg-path', '/tmp/tmpy7phbyn5']
[2025-07-25T21:23:32.024+0000] {standard_task_runner.py:63} INFO - Started process 57 to run task
[2025-07-25T21:23:32.025+0000] {standard_task_runner.py:91} INFO - Job 2: Subtask extracao_e_descompactacao
[2025-07-25T21:23:32.086+0000] {task_command.py:426} INFO - Running <TaskInstance: sigtap_01_extraction.extracao_e_descompactacao manual__2025-07-25T21:23:30.268419+00:00 [running]> on host 012b9571e725
[2025-07-25T21:23:32.181+0000] {taskinstance.py:2648} INFO - Exporting env vars: AIRFLOW_CTX_DAG_OWNER='airflow' AIRFLOW_CTX_DAG_ID='sigtap_01_extraction' AIRFLOW_CTX_TASK_ID='extracao_e_descompactacao' AIRFLOW_CTX_EXECUTION_DATE='2025-07-25T21:23:30.268419+00:00' AIRFLOW_CTX_TRY_NUMBER='1' AIRFLOW_CTX_DAG_RUN_ID='manual__2025-07-25T21:23:30.268419+00:00'
[2025-07-25T21:23:32.182+0000] {taskinstance.py:430} INFO - ::endgroup::
[2025-07-25T21:23:32.211+0000] {subprocess.py:63} INFO - Tmp dir *** location: /tmp
[2025-07-25T21:23:32.213+0000] {subprocess.py:75} INFO - Running command: ['/usr/bin/bash', '-c', 'python /opt/airflow/src/step_00_extraction.py']
[2025-07-25T21:23:32.226+0000] {subprocess.py:86} INFO - Output:
[2025-07-25T21:23:35.052+0000] {subprocess.py:93} INFO - --- Iniciando Etapa 0: Extração ---
[2025-07-25T21:23:35.053+0000] {subprocess.py:93} INFO - Conectando ao servidor FTP: ftp2.datasus.gov.br...
[2025-07-25T21:23:35.053+0000] {subprocess.py:93} INFO - Listando arquivos no diretório para encontrar o prefixo: TabelaUnificada_202507...
[2025-07-25T21:23:35.054+0000] {subprocess.py:93} INFO - Arquivo encontrado no servidor: TabelaUnificada_202507_v2507041724.zip
[2025-07-25T21:23:35.054+0000] {subprocess.py:93} INFO - Baixando para: /opt/airflow/./downloads/TabelaUnificada_202507_v2507041724.zip
[2025-07-25T21:23:35.054+0000] {subprocess.py:93} INFO - Download concluído.
[2025-07-25T21:23:35.054+0000] {subprocess.py:93} INFO - Descompactando para: /opt/airflow/./downloads/unzipped/TabelaUnificada_202507_v2507041724
[2025-07-25T21:23:35.055+0000] {subprocess.py:93} INFO - Arquivos descompactados com sucesso.
[2025-07-25T21:23:35.055+0000] {subprocess.py:93} INFO - 
[2025-07-25T21:23:35.055+0000] {subprocess.py:93} INFO - --- Iniciando limpeza de arquivos .zip antigos ---
[2025-07-25T21:23:35.056+0000] {subprocess.py:93} INFO - Diretório de verificação: /opt/airflow/./downloads
[2025-07-25T21:23:35.056+0000] {subprocess.py:93} INFO - Mantendo arquivo mais recente: TabelaUnificada_202507_v2507041724.zip
[2025-07-25T21:23:35.056+0000] {subprocess.py:93} INFO - Nenhum arquivo .zip antigo para remover.
[2025-07-25T21:23:35.060+0000] {subprocess.py:97} INFO - Command exited with return code 0
[2025-07-25T21:23:35.061+0000] {taskinstance.py:441} INFO - ::group::Post task execution logs
[2025-07-25T21:23:35.084+0000] {taskinstance.py:1206} INFO - Marking task as SUCCESS. dag_id=sigtap_01_extraction, task_id=extracao_e_descompactacao, run_id=manual__2025-07-25T21:23:30.268419+00:00, execution_date=20250725T212330, start_date=20250725T212331, end_date=20250725T212335
[2025-07-25T21:23:35.129+0000] {local_task_job_runner.py:240} INFO - Task exited with return code 0
[2025-07-25T21:23:35.146+0000] {taskinstance.py:3503} INFO - 0 downstream tasks scheduled from follow-on schedule check
[2025-07-25T21:23:35.148+0000] {local_task_job_runner.py:222} INFO - ::endgroup::
