[2025-07-25T21:34:54.339+0000] {local_task_job_runner.py:120} INFO - ::group::Pre task execution logs
[2025-07-25T21:34:54.368+0000] {taskinstance.py:2076} INFO - Dependencies all met for dep_context=non-requeueable deps ti=<TaskInstance: sigtap_00_installation.extracao_e_descompactacao manual__2025-07-25T21:34:53.396548+00:00 [queued]>
[2025-07-25T21:34:54.380+0000] {taskinstance.py:2076} INFO - Dependencies all met for dep_context=requeueable deps ti=<TaskInstance: sigtap_00_installation.extracao_e_descompactacao manual__2025-07-25T21:34:53.396548+00:00 [queued]>
[2025-07-25T21:34:54.381+0000] {taskinstance.py:2306} INFO - Starting attempt 1 of 1
[2025-07-25T21:34:54.398+0000] {taskinstance.py:2330} INFO - Executing <Task(BashOperator): extracao_e_descompactacao> on 2025-07-25 21:34:53.396548+00:00
[2025-07-25T21:34:54.410+0000] {standard_task_runner.py:90} INFO - Running: ['airflow', 'tasks', 'run', 'sigtap_00_installation', 'extracao_e_descompactacao', 'manual__2025-07-25T21:34:53.396548+00:00', '--job-id', '4', '--raw', '--subdir', 'DAGS_FOLDER/sigtap_00_installation_dag.py', '--cfg-path', '/tmp/tmpoetw3384']
[2025-07-25T21:34:54.410+0000] {warnings.py:112} WARNING - /home/airflow/.local/lib/python3.12/site-packages/airflow/task/task_runner/standard_task_runner.py:61: DeprecationWarning: This process (pid=56) is multi-threaded, use of fork() may lead to deadlocks in the child.
  pid = os.fork()

[2025-07-25T21:34:54.412+0000] {standard_task_runner.py:91} INFO - Job 4: Subtask extracao_e_descompactacao
[2025-07-25T21:34:54.412+0000] {standard_task_runner.py:63} INFO - Started process 57 to run task
[2025-07-25T21:34:54.493+0000] {task_command.py:426} INFO - Running <TaskInstance: sigtap_00_installation.extracao_e_descompactacao manual__2025-07-25T21:34:53.396548+00:00 [running]> on host 012b9571e725
[2025-07-25T21:34:54.583+0000] {taskinstance.py:2648} INFO - Exporting env vars: AIRFLOW_CTX_DAG_OWNER='airflow' AIRFLOW_CTX_DAG_ID='sigtap_00_installation' AIRFLOW_CTX_TASK_ID='extracao_e_descompactacao' AIRFLOW_CTX_EXECUTION_DATE='2025-07-25T21:34:53.396548+00:00' AIRFLOW_CTX_TRY_NUMBER='1' AIRFLOW_CTX_DAG_RUN_ID='manual__2025-07-25T21:34:53.396548+00:00'
[2025-07-25T21:34:54.584+0000] {taskinstance.py:430} INFO - ::endgroup::
[2025-07-25T21:34:54.603+0000] {subprocess.py:63} INFO - Tmp dir *** location: /tmp
[2025-07-25T21:34:54.605+0000] {subprocess.py:75} INFO - Running command: ['/usr/bin/bash', '-c', 'python /opt/airflow/src/step_00_extraction.py']
[2025-07-25T21:34:54.618+0000] {subprocess.py:86} INFO - Output:
[2025-07-25T21:34:57.536+0000] {subprocess.py:93} INFO - --- Iniciando Etapa 0: Extração ---
[2025-07-25T21:34:57.537+0000] {subprocess.py:93} INFO - Conectando ao servidor FTP: ftp2.datasus.gov.br...
[2025-07-25T21:34:57.537+0000] {subprocess.py:93} INFO - Listando arquivos no diretório para encontrar o prefixo: TabelaUnificada_202507...
[2025-07-25T21:34:57.538+0000] {subprocess.py:93} INFO - Arquivo encontrado no servidor: TabelaUnificada_202507_v2507041724.zip
[2025-07-25T21:34:57.538+0000] {subprocess.py:93} INFO - Baixando para: /opt/airflow/./downloads/TabelaUnificada_202507_v2507041724.zip
[2025-07-25T21:34:57.538+0000] {subprocess.py:93} INFO - Download concluído.
[2025-07-25T21:34:57.539+0000] {subprocess.py:93} INFO - Descompactando para: /opt/airflow/./downloads/unzipped/TabelaUnificada_202507_v2507041724
[2025-07-25T21:34:57.539+0000] {subprocess.py:93} INFO -   Aviso: A pasta de destino 'TabelaUnificada_202507_v2507041724' já existe. Removendo para uma extração limpa.
[2025-07-25T21:34:57.539+0000] {subprocess.py:93} INFO - Arquivos descompactados com sucesso.
[2025-07-25T21:34:57.539+0000] {subprocess.py:93} INFO - 
[2025-07-25T21:34:57.540+0000] {subprocess.py:93} INFO - --- Iniciando limpeza de arquivos .zip antigos ---
[2025-07-25T21:34:57.540+0000] {subprocess.py:93} INFO - Diretório de verificação: /opt/airflow/./downloads
[2025-07-25T21:34:57.540+0000] {subprocess.py:93} INFO - Mantendo arquivo mais recente: TabelaUnificada_202507_v2507041724.zip
[2025-07-25T21:34:57.541+0000] {subprocess.py:93} INFO - Nenhum arquivo .zip antigo para remover.
[2025-07-25T21:34:57.545+0000] {subprocess.py:97} INFO - Command exited with return code 0
[2025-07-25T21:34:57.545+0000] {taskinstance.py:441} INFO - ::group::Post task execution logs
[2025-07-25T21:34:57.569+0000] {taskinstance.py:1206} INFO - Marking task as SUCCESS. dag_id=sigtap_00_installation, task_id=extracao_e_descompactacao, run_id=manual__2025-07-25T21:34:53.396548+00:00, execution_date=20250725T213453, start_date=20250725T213454, end_date=20250725T213457
[2025-07-25T21:34:57.596+0000] {local_task_job_runner.py:240} INFO - Task exited with return code 0
[2025-07-25T21:34:57.621+0000] {taskinstance.py:3503} INFO - 1 downstream tasks scheduled from follow-on schedule check
[2025-07-25T21:34:57.623+0000] {local_task_job_runner.py:222} INFO - ::endgroup::
