[2025-07-28T23:43:14.763+0000] {processor.py:161} INFO - Started process (PID=852) to work on /opt/airflow/dags/sigtap_etl_dag.py
[2025-07-28T23:43:14.765+0000] {processor.py:830} INFO - Processing file /opt/airflow/dags/sigtap_etl_dag.py for tasks to queue
[2025-07-28T23:43:14.770+0000] {logging_mixin.py:188} INFO - [2025-07-28T23:43:14.769+0000] {dagbag.py:545} INFO - Filling up the DagBag from /opt/airflow/dags/sigtap_etl_dag.py
[2025-07-28T23:43:14.820+0000] {processor.py:840} INFO - DAG(s) 'sigtap_etl_pipeline' retrieved from /opt/airflow/dags/sigtap_etl_dag.py
[2025-07-28T23:43:14.884+0000] {logging_mixin.py:188} INFO - [2025-07-28T23:43:14.883+0000] {dag.py:3096} INFO - Sync 1 DAGs
[2025-07-28T23:43:14.906+0000] {logging_mixin.py:188} INFO - [2025-07-28T23:43:14.906+0000] {dag.py:3954} INFO - Setting next_dagrun for sigtap_etl_pipeline to None, run_after=None
[2025-07-28T23:43:14.969+0000] {processor.py:183} INFO - Processing /opt/airflow/dags/sigtap_etl_dag.py took 0.218 seconds
[2025-07-28T23:43:46.040+0000] {processor.py:161} INFO - Started process (PID=855) to work on /opt/airflow/dags/sigtap_etl_dag.py
[2025-07-28T23:43:46.041+0000] {processor.py:830} INFO - Processing file /opt/airflow/dags/sigtap_etl_dag.py for tasks to queue
[2025-07-28T23:43:46.044+0000] {logging_mixin.py:188} INFO - [2025-07-28T23:43:46.043+0000] {dagbag.py:545} INFO - Filling up the DagBag from /opt/airflow/dags/sigtap_etl_dag.py
[2025-07-28T23:43:46.087+0000] {processor.py:840} INFO - DAG(s) 'sigtap_etl_pipeline' retrieved from /opt/airflow/dags/sigtap_etl_dag.py
[2025-07-28T23:43:46.141+0000] {logging_mixin.py:188} INFO - [2025-07-28T23:43:46.140+0000] {dag.py:3096} INFO - Sync 1 DAGs
[2025-07-28T23:43:46.161+0000] {logging_mixin.py:188} INFO - [2025-07-28T23:43:46.161+0000] {dag.py:3954} INFO - Setting next_dagrun for sigtap_etl_pipeline to None, run_after=None
[2025-07-28T23:43:46.199+0000] {processor.py:183} INFO - Processing /opt/airflow/dags/sigtap_etl_dag.py took 0.174 seconds
[2025-07-28T23:44:16.452+0000] {processor.py:161} INFO - Started process (PID=858) to work on /opt/airflow/dags/sigtap_etl_dag.py
[2025-07-28T23:44:16.454+0000] {processor.py:830} INFO - Processing file /opt/airflow/dags/sigtap_etl_dag.py for tasks to queue
[2025-07-28T23:44:16.457+0000] {logging_mixin.py:188} INFO - [2025-07-28T23:44:16.456+0000] {dagbag.py:545} INFO - Filling up the DagBag from /opt/airflow/dags/sigtap_etl_dag.py
[2025-07-28T23:44:16.484+0000] {processor.py:840} INFO - DAG(s) 'sigtap_etl_pipeline' retrieved from /opt/airflow/dags/sigtap_etl_dag.py
[2025-07-28T23:44:16.525+0000] {logging_mixin.py:188} INFO - [2025-07-28T23:44:16.525+0000] {dag.py:3096} INFO - Sync 1 DAGs
[2025-07-28T23:44:16.544+0000] {logging_mixin.py:188} INFO - [2025-07-28T23:44:16.544+0000] {dag.py:3954} INFO - Setting next_dagrun for sigtap_etl_pipeline to None, run_after=None
[2025-07-28T23:44:16.575+0000] {processor.py:183} INFO - Processing /opt/airflow/dags/sigtap_etl_dag.py took 0.131 seconds
[2025-07-28T23:44:46.846+0000] {processor.py:161} INFO - Started process (PID=861) to work on /opt/airflow/dags/sigtap_etl_dag.py
[2025-07-28T23:44:46.847+0000] {processor.py:830} INFO - Processing file /opt/airflow/dags/sigtap_etl_dag.py for tasks to queue
[2025-07-28T23:44:46.849+0000] {logging_mixin.py:188} INFO - [2025-07-28T23:44:46.849+0000] {dagbag.py:545} INFO - Filling up the DagBag from /opt/airflow/dags/sigtap_etl_dag.py
[2025-07-28T23:44:46.871+0000] {processor.py:840} INFO - DAG(s) 'sigtap_etl_pipeline' retrieved from /opt/airflow/dags/sigtap_etl_dag.py
[2025-07-28T23:44:46.909+0000] {logging_mixin.py:188} INFO - [2025-07-28T23:44:46.909+0000] {dag.py:3096} INFO - Sync 1 DAGs
[2025-07-28T23:44:46.941+0000] {logging_mixin.py:188} INFO - [2025-07-28T23:44:46.941+0000] {dag.py:3954} INFO - Setting next_dagrun for sigtap_etl_pipeline to None, run_after=None
[2025-07-28T23:44:46.967+0000] {processor.py:183} INFO - Processing /opt/airflow/dags/sigtap_etl_dag.py took 0.127 seconds
[2025-07-28T23:45:17.287+0000] {processor.py:161} INFO - Started process (PID=864) to work on /opt/airflow/dags/sigtap_etl_dag.py
[2025-07-28T23:45:17.288+0000] {processor.py:830} INFO - Processing file /opt/airflow/dags/sigtap_etl_dag.py for tasks to queue
[2025-07-28T23:45:17.291+0000] {logging_mixin.py:188} INFO - [2025-07-28T23:45:17.291+0000] {dagbag.py:545} INFO - Filling up the DagBag from /opt/airflow/dags/sigtap_etl_dag.py
[2025-07-28T23:45:17.323+0000] {processor.py:840} INFO - DAG(s) 'sigtap_etl_pipeline' retrieved from /opt/airflow/dags/sigtap_etl_dag.py
[2025-07-28T23:45:17.361+0000] {logging_mixin.py:188} INFO - [2025-07-28T23:45:17.361+0000] {dag.py:3096} INFO - Sync 1 DAGs
[2025-07-28T23:45:17.377+0000] {logging_mixin.py:188} INFO - [2025-07-28T23:45:17.377+0000] {dag.py:3954} INFO - Setting next_dagrun for sigtap_etl_pipeline to None, run_after=None
[2025-07-28T23:45:17.402+0000] {processor.py:183} INFO - Processing /opt/airflow/dags/sigtap_etl_dag.py took 0.124 seconds
[2025-07-28T23:45:47.721+0000] {processor.py:161} INFO - Started process (PID=867) to work on /opt/airflow/dags/sigtap_etl_dag.py
[2025-07-28T23:45:47.724+0000] {processor.py:830} INFO - Processing file /opt/airflow/dags/sigtap_etl_dag.py for tasks to queue
[2025-07-28T23:45:47.728+0000] {logging_mixin.py:188} INFO - [2025-07-28T23:45:47.727+0000] {dagbag.py:545} INFO - Filling up the DagBag from /opt/airflow/dags/sigtap_etl_dag.py
[2025-07-28T23:45:47.766+0000] {processor.py:840} INFO - DAG(s) 'sigtap_etl_pipeline' retrieved from /opt/airflow/dags/sigtap_etl_dag.py
[2025-07-28T23:45:47.821+0000] {logging_mixin.py:188} INFO - [2025-07-28T23:45:47.821+0000] {dag.py:3096} INFO - Sync 1 DAGs
[2025-07-28T23:45:47.843+0000] {logging_mixin.py:188} INFO - [2025-07-28T23:45:47.842+0000] {dag.py:3954} INFO - Setting next_dagrun for sigtap_etl_pipeline to None, run_after=None
[2025-07-28T23:45:47.875+0000] {processor.py:183} INFO - Processing /opt/airflow/dags/sigtap_etl_dag.py took 0.165 seconds
[2025-07-28T23:46:18.071+0000] {processor.py:161} INFO - Started process (PID=870) to work on /opt/airflow/dags/sigtap_etl_dag.py
[2025-07-28T23:46:18.072+0000] {processor.py:830} INFO - Processing file /opt/airflow/dags/sigtap_etl_dag.py for tasks to queue
[2025-07-28T23:46:18.074+0000] {logging_mixin.py:188} INFO - [2025-07-28T23:46:18.074+0000] {dagbag.py:545} INFO - Filling up the DagBag from /opt/airflow/dags/sigtap_etl_dag.py
[2025-07-28T23:46:18.098+0000] {processor.py:840} INFO - DAG(s) 'sigtap_etl_pipeline' retrieved from /opt/airflow/dags/sigtap_etl_dag.py
[2025-07-28T23:46:18.137+0000] {logging_mixin.py:188} INFO - [2025-07-28T23:46:18.137+0000] {dag.py:3096} INFO - Sync 1 DAGs
[2025-07-28T23:46:18.149+0000] {logging_mixin.py:188} INFO - [2025-07-28T23:46:18.149+0000] {dag.py:3954} INFO - Setting next_dagrun for sigtap_etl_pipeline to None, run_after=None
[2025-07-28T23:46:18.167+0000] {processor.py:183} INFO - Processing /opt/airflow/dags/sigtap_etl_dag.py took 0.101 seconds
[2025-07-28T23:46:48.720+0000] {processor.py:161} INFO - Started process (PID=873) to work on /opt/airflow/dags/sigtap_etl_dag.py
[2025-07-28T23:46:48.722+0000] {processor.py:830} INFO - Processing file /opt/airflow/dags/sigtap_etl_dag.py for tasks to queue
[2025-07-28T23:46:48.725+0000] {logging_mixin.py:188} INFO - [2025-07-28T23:46:48.725+0000] {dagbag.py:545} INFO - Filling up the DagBag from /opt/airflow/dags/sigtap_etl_dag.py
[2025-07-28T23:46:48.776+0000] {processor.py:840} INFO - DAG(s) 'sigtap_etl_pipeline' retrieved from /opt/airflow/dags/sigtap_etl_dag.py
[2025-07-28T23:46:48.824+0000] {logging_mixin.py:188} INFO - [2025-07-28T23:46:48.823+0000] {dag.py:3096} INFO - Sync 1 DAGs
[2025-07-28T23:46:48.849+0000] {logging_mixin.py:188} INFO - [2025-07-28T23:46:48.848+0000] {dag.py:3954} INFO - Setting next_dagrun for sigtap_etl_pipeline to None, run_after=None
[2025-07-28T23:46:48.880+0000] {processor.py:183} INFO - Processing /opt/airflow/dags/sigtap_etl_dag.py took 0.172 seconds
[2025-07-28T23:47:19.062+0000] {processor.py:161} INFO - Started process (PID=876) to work on /opt/airflow/dags/sigtap_etl_dag.py
[2025-07-28T23:47:19.063+0000] {processor.py:830} INFO - Processing file /opt/airflow/dags/sigtap_etl_dag.py for tasks to queue
[2025-07-28T23:47:19.065+0000] {logging_mixin.py:188} INFO - [2025-07-28T23:47:19.064+0000] {dagbag.py:545} INFO - Filling up the DagBag from /opt/airflow/dags/sigtap_etl_dag.py
[2025-07-28T23:47:19.085+0000] {processor.py:840} INFO - DAG(s) 'sigtap_etl_pipeline' retrieved from /opt/airflow/dags/sigtap_etl_dag.py
[2025-07-28T23:47:19.114+0000] {logging_mixin.py:188} INFO - [2025-07-28T23:47:19.114+0000] {dag.py:3096} INFO - Sync 1 DAGs
[2025-07-28T23:47:19.126+0000] {logging_mixin.py:188} INFO - [2025-07-28T23:47:19.126+0000] {dag.py:3954} INFO - Setting next_dagrun for sigtap_etl_pipeline to None, run_after=None
[2025-07-28T23:47:19.144+0000] {processor.py:183} INFO - Processing /opt/airflow/dags/sigtap_etl_dag.py took 0.089 seconds
[2025-07-28T23:47:49.426+0000] {processor.py:161} INFO - Started process (PID=879) to work on /opt/airflow/dags/sigtap_etl_dag.py
[2025-07-28T23:47:49.428+0000] {processor.py:830} INFO - Processing file /opt/airflow/dags/sigtap_etl_dag.py for tasks to queue
[2025-07-28T23:47:49.430+0000] {logging_mixin.py:188} INFO - [2025-07-28T23:47:49.430+0000] {dagbag.py:545} INFO - Filling up the DagBag from /opt/airflow/dags/sigtap_etl_dag.py
[2025-07-28T23:47:49.458+0000] {processor.py:840} INFO - DAG(s) 'sigtap_etl_pipeline' retrieved from /opt/airflow/dags/sigtap_etl_dag.py
[2025-07-28T23:47:49.500+0000] {logging_mixin.py:188} INFO - [2025-07-28T23:47:49.499+0000] {dag.py:3096} INFO - Sync 1 DAGs
[2025-07-28T23:47:49.517+0000] {logging_mixin.py:188} INFO - [2025-07-28T23:47:49.517+0000] {dag.py:3954} INFO - Setting next_dagrun for sigtap_etl_pipeline to None, run_after=None
[2025-07-28T23:47:49.543+0000] {processor.py:183} INFO - Processing /opt/airflow/dags/sigtap_etl_dag.py took 0.126 seconds
[2025-07-28T23:48:19.887+0000] {processor.py:161} INFO - Started process (PID=882) to work on /opt/airflow/dags/sigtap_etl_dag.py
[2025-07-28T23:48:19.888+0000] {processor.py:830} INFO - Processing file /opt/airflow/dags/sigtap_etl_dag.py for tasks to queue
[2025-07-28T23:48:19.891+0000] {logging_mixin.py:188} INFO - [2025-07-28T23:48:19.891+0000] {dagbag.py:545} INFO - Filling up the DagBag from /opt/airflow/dags/sigtap_etl_dag.py
[2025-07-28T23:48:19.917+0000] {processor.py:840} INFO - DAG(s) 'sigtap_etl_pipeline' retrieved from /opt/airflow/dags/sigtap_etl_dag.py
[2025-07-28T23:48:19.950+0000] {logging_mixin.py:188} INFO - [2025-07-28T23:48:19.950+0000] {dag.py:3096} INFO - Sync 1 DAGs
[2025-07-28T23:48:19.963+0000] {logging_mixin.py:188} INFO - [2025-07-28T23:48:19.963+0000] {dag.py:3954} INFO - Setting next_dagrun for sigtap_etl_pipeline to None, run_after=None
[2025-07-28T23:48:19.982+0000] {processor.py:183} INFO - Processing /opt/airflow/dags/sigtap_etl_dag.py took 0.103 seconds
[2025-07-28T23:48:50.384+0000] {processor.py:161} INFO - Started process (PID=885) to work on /opt/airflow/dags/sigtap_etl_dag.py
[2025-07-28T23:48:50.385+0000] {processor.py:830} INFO - Processing file /opt/airflow/dags/sigtap_etl_dag.py for tasks to queue
[2025-07-28T23:48:50.387+0000] {logging_mixin.py:188} INFO - [2025-07-28T23:48:50.387+0000] {dagbag.py:545} INFO - Filling up the DagBag from /opt/airflow/dags/sigtap_etl_dag.py
[2025-07-28T23:48:50.411+0000] {processor.py:840} INFO - DAG(s) 'sigtap_etl_pipeline' retrieved from /opt/airflow/dags/sigtap_etl_dag.py
[2025-07-28T23:48:50.469+0000] {logging_mixin.py:188} INFO - [2025-07-28T23:48:50.468+0000] {dag.py:3096} INFO - Sync 1 DAGs
[2025-07-28T23:48:50.502+0000] {logging_mixin.py:188} INFO - [2025-07-28T23:48:50.501+0000] {dag.py:3954} INFO - Setting next_dagrun for sigtap_etl_pipeline to None, run_after=None
[2025-07-28T23:48:50.551+0000] {processor.py:183} INFO - Processing /opt/airflow/dags/sigtap_etl_dag.py took 0.173 seconds
[2025-07-28T23:49:20.719+0000] {processor.py:161} INFO - Started process (PID=888) to work on /opt/airflow/dags/sigtap_etl_dag.py
[2025-07-28T23:49:20.720+0000] {processor.py:830} INFO - Processing file /opt/airflow/dags/sigtap_etl_dag.py for tasks to queue
[2025-07-28T23:49:20.722+0000] {logging_mixin.py:188} INFO - [2025-07-28T23:49:20.722+0000] {dagbag.py:545} INFO - Filling up the DagBag from /opt/airflow/dags/sigtap_etl_dag.py
[2025-07-28T23:49:20.742+0000] {processor.py:840} INFO - DAG(s) 'sigtap_etl_pipeline' retrieved from /opt/airflow/dags/sigtap_etl_dag.py
[2025-07-28T23:49:20.768+0000] {logging_mixin.py:188} INFO - [2025-07-28T23:49:20.768+0000] {dag.py:3096} INFO - Sync 1 DAGs
[2025-07-28T23:49:20.781+0000] {logging_mixin.py:188} INFO - [2025-07-28T23:49:20.780+0000] {dag.py:3954} INFO - Setting next_dagrun for sigtap_etl_pipeline to None, run_after=None
[2025-07-28T23:49:20.797+0000] {processor.py:183} INFO - Processing /opt/airflow/dags/sigtap_etl_dag.py took 0.084 seconds
[2025-07-28T23:49:51.099+0000] {processor.py:161} INFO - Started process (PID=891) to work on /opt/airflow/dags/sigtap_etl_dag.py
[2025-07-28T23:49:51.100+0000] {processor.py:830} INFO - Processing file /opt/airflow/dags/sigtap_etl_dag.py for tasks to queue
[2025-07-28T23:49:51.102+0000] {logging_mixin.py:188} INFO - [2025-07-28T23:49:51.102+0000] {dagbag.py:545} INFO - Filling up the DagBag from /opt/airflow/dags/sigtap_etl_dag.py
[2025-07-28T23:49:51.129+0000] {processor.py:840} INFO - DAG(s) 'sigtap_etl_pipeline' retrieved from /opt/airflow/dags/sigtap_etl_dag.py
[2025-07-28T23:49:51.157+0000] {logging_mixin.py:188} INFO - [2025-07-28T23:49:51.157+0000] {dag.py:3096} INFO - Sync 1 DAGs
[2025-07-28T23:49:51.170+0000] {logging_mixin.py:188} INFO - [2025-07-28T23:49:51.170+0000] {dag.py:3954} INFO - Setting next_dagrun for sigtap_etl_pipeline to None, run_after=None
[2025-07-28T23:49:51.188+0000] {processor.py:183} INFO - Processing /opt/airflow/dags/sigtap_etl_dag.py took 0.099 seconds
[2025-07-28T23:50:21.691+0000] {processor.py:161} INFO - Started process (PID=894) to work on /opt/airflow/dags/sigtap_etl_dag.py
[2025-07-28T23:50:21.693+0000] {processor.py:830} INFO - Processing file /opt/airflow/dags/sigtap_etl_dag.py for tasks to queue
[2025-07-28T23:50:21.695+0000] {logging_mixin.py:188} INFO - [2025-07-28T23:50:21.694+0000] {dagbag.py:545} INFO - Filling up the DagBag from /opt/airflow/dags/sigtap_etl_dag.py
[2025-07-28T23:50:21.743+0000] {processor.py:840} INFO - DAG(s) 'sigtap_etl_pipeline' retrieved from /opt/airflow/dags/sigtap_etl_dag.py
[2025-07-28T23:50:21.807+0000] {logging_mixin.py:188} INFO - [2025-07-28T23:50:21.807+0000] {dag.py:3096} INFO - Sync 1 DAGs
[2025-07-28T23:50:21.830+0000] {logging_mixin.py:188} INFO - [2025-07-28T23:50:21.829+0000] {dag.py:3954} INFO - Setting next_dagrun for sigtap_etl_pipeline to None, run_after=None
[2025-07-28T23:50:21.862+0000] {processor.py:183} INFO - Processing /opt/airflow/dags/sigtap_etl_dag.py took 0.184 seconds
[2025-07-28T23:50:52.155+0000] {processor.py:161} INFO - Started process (PID=897) to work on /opt/airflow/dags/sigtap_etl_dag.py
[2025-07-28T23:50:52.159+0000] {processor.py:830} INFO - Processing file /opt/airflow/dags/sigtap_etl_dag.py for tasks to queue
[2025-07-28T23:50:52.167+0000] {logging_mixin.py:188} INFO - [2025-07-28T23:50:52.167+0000] {dagbag.py:545} INFO - Filling up the DagBag from /opt/airflow/dags/sigtap_etl_dag.py
[2025-07-28T23:50:52.235+0000] {processor.py:840} INFO - DAG(s) 'sigtap_etl_pipeline' retrieved from /opt/airflow/dags/sigtap_etl_dag.py
[2025-07-28T23:50:52.315+0000] {logging_mixin.py:188} INFO - [2025-07-28T23:50:52.315+0000] {dag.py:3096} INFO - Sync 1 DAGs
[2025-07-28T23:50:52.348+0000] {logging_mixin.py:188} INFO - [2025-07-28T23:50:52.347+0000] {dag.py:3954} INFO - Setting next_dagrun for sigtap_etl_pipeline to None, run_after=None
[2025-07-28T23:50:52.397+0000] {processor.py:183} INFO - Processing /opt/airflow/dags/sigtap_etl_dag.py took 0.252 seconds
[2025-07-28T23:51:22.553+0000] {processor.py:161} INFO - Started process (PID=900) to work on /opt/airflow/dags/sigtap_etl_dag.py
[2025-07-28T23:51:22.554+0000] {processor.py:830} INFO - Processing file /opt/airflow/dags/sigtap_etl_dag.py for tasks to queue
[2025-07-28T23:51:22.556+0000] {logging_mixin.py:188} INFO - [2025-07-28T23:51:22.555+0000] {dagbag.py:545} INFO - Filling up the DagBag from /opt/airflow/dags/sigtap_etl_dag.py
[2025-07-28T23:51:22.575+0000] {processor.py:840} INFO - DAG(s) 'sigtap_etl_pipeline' retrieved from /opt/airflow/dags/sigtap_etl_dag.py
[2025-07-28T23:51:22.602+0000] {logging_mixin.py:188} INFO - [2025-07-28T23:51:22.602+0000] {dag.py:3096} INFO - Sync 1 DAGs
[2025-07-28T23:51:22.613+0000] {logging_mixin.py:188} INFO - [2025-07-28T23:51:22.613+0000] {dag.py:3954} INFO - Setting next_dagrun for sigtap_etl_pipeline to None, run_after=None
[2025-07-28T23:51:22.629+0000] {processor.py:183} INFO - Processing /opt/airflow/dags/sigtap_etl_dag.py took 0.082 seconds
[2025-07-28T23:51:52.908+0000] {processor.py:161} INFO - Started process (PID=903) to work on /opt/airflow/dags/sigtap_etl_dag.py
[2025-07-28T23:51:52.910+0000] {processor.py:830} INFO - Processing file /opt/airflow/dags/sigtap_etl_dag.py for tasks to queue
[2025-07-28T23:51:52.912+0000] {logging_mixin.py:188} INFO - [2025-07-28T23:51:52.911+0000] {dagbag.py:545} INFO - Filling up the DagBag from /opt/airflow/dags/sigtap_etl_dag.py
[2025-07-28T23:51:52.935+0000] {processor.py:840} INFO - DAG(s) 'sigtap_etl_pipeline' retrieved from /opt/airflow/dags/sigtap_etl_dag.py
[2025-07-28T23:51:52.981+0000] {logging_mixin.py:188} INFO - [2025-07-28T23:51:52.980+0000] {dag.py:3096} INFO - Sync 1 DAGs
[2025-07-28T23:51:53.000+0000] {logging_mixin.py:188} INFO - [2025-07-28T23:51:53.000+0000] {dag.py:3954} INFO - Setting next_dagrun for sigtap_etl_pipeline to None, run_after=None
[2025-07-28T23:51:53.036+0000] {processor.py:183} INFO - Processing /opt/airflow/dags/sigtap_etl_dag.py took 0.134 seconds
[2025-07-28T23:52:23.241+0000] {processor.py:161} INFO - Started process (PID=906) to work on /opt/airflow/dags/sigtap_etl_dag.py
[2025-07-28T23:52:23.242+0000] {processor.py:830} INFO - Processing file /opt/airflow/dags/sigtap_etl_dag.py for tasks to queue
[2025-07-28T23:52:23.244+0000] {logging_mixin.py:188} INFO - [2025-07-28T23:52:23.244+0000] {dagbag.py:545} INFO - Filling up the DagBag from /opt/airflow/dags/sigtap_etl_dag.py
[2025-07-28T23:52:23.264+0000] {processor.py:840} INFO - DAG(s) 'sigtap_etl_pipeline' retrieved from /opt/airflow/dags/sigtap_etl_dag.py
[2025-07-28T23:52:23.293+0000] {logging_mixin.py:188} INFO - [2025-07-28T23:52:23.292+0000] {dag.py:3096} INFO - Sync 1 DAGs
[2025-07-28T23:52:23.304+0000] {logging_mixin.py:188} INFO - [2025-07-28T23:52:23.304+0000] {dag.py:3954} INFO - Setting next_dagrun for sigtap_etl_pipeline to None, run_after=None
[2025-07-28T23:52:23.321+0000] {processor.py:183} INFO - Processing /opt/airflow/dags/sigtap_etl_dag.py took 0.085 seconds
[2025-07-28T23:52:53.570+0000] {processor.py:161} INFO - Started process (PID=909) to work on /opt/airflow/dags/sigtap_etl_dag.py
[2025-07-28T23:52:53.570+0000] {processor.py:830} INFO - Processing file /opt/airflow/dags/sigtap_etl_dag.py for tasks to queue
[2025-07-28T23:52:53.572+0000] {logging_mixin.py:188} INFO - [2025-07-28T23:52:53.572+0000] {dagbag.py:545} INFO - Filling up the DagBag from /opt/airflow/dags/sigtap_etl_dag.py
[2025-07-28T23:52:53.592+0000] {processor.py:840} INFO - DAG(s) 'sigtap_etl_pipeline' retrieved from /opt/airflow/dags/sigtap_etl_dag.py
[2025-07-28T23:52:53.617+0000] {logging_mixin.py:188} INFO - [2025-07-28T23:52:53.617+0000] {dag.py:3096} INFO - Sync 1 DAGs
[2025-07-28T23:52:53.629+0000] {logging_mixin.py:188} INFO - [2025-07-28T23:52:53.628+0000] {dag.py:3954} INFO - Setting next_dagrun for sigtap_etl_pipeline to None, run_after=None
[2025-07-28T23:52:53.644+0000] {processor.py:183} INFO - Processing /opt/airflow/dags/sigtap_etl_dag.py took 0.080 seconds
[2025-07-28T23:53:23.950+0000] {processor.py:161} INFO - Started process (PID=912) to work on /opt/airflow/dags/sigtap_etl_dag.py
[2025-07-28T23:53:23.951+0000] {processor.py:830} INFO - Processing file /opt/airflow/dags/sigtap_etl_dag.py for tasks to queue
[2025-07-28T23:53:23.952+0000] {logging_mixin.py:188} INFO - [2025-07-28T23:53:23.952+0000] {dagbag.py:545} INFO - Filling up the DagBag from /opt/airflow/dags/sigtap_etl_dag.py
[2025-07-28T23:53:23.974+0000] {processor.py:840} INFO - DAG(s) 'sigtap_etl_pipeline' retrieved from /opt/airflow/dags/sigtap_etl_dag.py
[2025-07-28T23:53:24.001+0000] {logging_mixin.py:188} INFO - [2025-07-28T23:53:24.001+0000] {dag.py:3096} INFO - Sync 1 DAGs
[2025-07-28T23:53:24.013+0000] {logging_mixin.py:188} INFO - [2025-07-28T23:53:24.013+0000] {dag.py:3954} INFO - Setting next_dagrun for sigtap_etl_pipeline to None, run_after=None
[2025-07-28T23:53:24.033+0000] {processor.py:183} INFO - Processing /opt/airflow/dags/sigtap_etl_dag.py took 0.089 seconds
[2025-07-28T23:53:54.384+0000] {processor.py:161} INFO - Started process (PID=915) to work on /opt/airflow/dags/sigtap_etl_dag.py
[2025-07-28T23:53:54.385+0000] {processor.py:830} INFO - Processing file /opt/airflow/dags/sigtap_etl_dag.py for tasks to queue
[2025-07-28T23:53:54.387+0000] {logging_mixin.py:188} INFO - [2025-07-28T23:53:54.386+0000] {dagbag.py:545} INFO - Filling up the DagBag from /opt/airflow/dags/sigtap_etl_dag.py
[2025-07-28T23:53:54.415+0000] {processor.py:840} INFO - DAG(s) 'sigtap_etl_pipeline' retrieved from /opt/airflow/dags/sigtap_etl_dag.py
[2025-07-28T23:53:54.443+0000] {logging_mixin.py:188} INFO - [2025-07-28T23:53:54.443+0000] {dag.py:3096} INFO - Sync 1 DAGs
[2025-07-28T23:53:54.457+0000] {logging_mixin.py:188} INFO - [2025-07-28T23:53:54.457+0000] {dag.py:3954} INFO - Setting next_dagrun for sigtap_etl_pipeline to None, run_after=None
[2025-07-28T23:53:54.474+0000] {processor.py:183} INFO - Processing /opt/airflow/dags/sigtap_etl_dag.py took 0.095 seconds
[2025-07-28T23:54:24.705+0000] {processor.py:161} INFO - Started process (PID=918) to work on /opt/airflow/dags/sigtap_etl_dag.py
[2025-07-28T23:54:24.706+0000] {processor.py:830} INFO - Processing file /opt/airflow/dags/sigtap_etl_dag.py for tasks to queue
[2025-07-28T23:54:24.708+0000] {logging_mixin.py:188} INFO - [2025-07-28T23:54:24.708+0000] {dagbag.py:545} INFO - Filling up the DagBag from /opt/airflow/dags/sigtap_etl_dag.py
[2025-07-28T23:54:24.727+0000] {processor.py:840} INFO - DAG(s) 'sigtap_etl_pipeline' retrieved from /opt/airflow/dags/sigtap_etl_dag.py
[2025-07-28T23:54:24.753+0000] {logging_mixin.py:188} INFO - [2025-07-28T23:54:24.752+0000] {dag.py:3096} INFO - Sync 1 DAGs
[2025-07-28T23:54:24.764+0000] {logging_mixin.py:188} INFO - [2025-07-28T23:54:24.763+0000] {dag.py:3954} INFO - Setting next_dagrun for sigtap_etl_pipeline to None, run_after=None
[2025-07-28T23:54:24.779+0000] {processor.py:183} INFO - Processing /opt/airflow/dags/sigtap_etl_dag.py took 0.080 seconds
[2025-07-28T23:54:55.036+0000] {processor.py:161} INFO - Started process (PID=921) to work on /opt/airflow/dags/sigtap_etl_dag.py
[2025-07-28T23:54:55.037+0000] {processor.py:830} INFO - Processing file /opt/airflow/dags/sigtap_etl_dag.py for tasks to queue
[2025-07-28T23:54:55.039+0000] {logging_mixin.py:188} INFO - [2025-07-28T23:54:55.039+0000] {dagbag.py:545} INFO - Filling up the DagBag from /opt/airflow/dags/sigtap_etl_dag.py
[2025-07-28T23:54:55.059+0000] {processor.py:840} INFO - DAG(s) 'sigtap_etl_pipeline' retrieved from /opt/airflow/dags/sigtap_etl_dag.py
[2025-07-28T23:54:55.084+0000] {logging_mixin.py:188} INFO - [2025-07-28T23:54:55.084+0000] {dag.py:3096} INFO - Sync 1 DAGs
[2025-07-28T23:54:55.095+0000] {logging_mixin.py:188} INFO - [2025-07-28T23:54:55.095+0000] {dag.py:3954} INFO - Setting next_dagrun for sigtap_etl_pipeline to None, run_after=None
[2025-07-28T23:54:55.111+0000] {processor.py:183} INFO - Processing /opt/airflow/dags/sigtap_etl_dag.py took 0.081 seconds
[2025-07-28T23:55:25.374+0000] {processor.py:161} INFO - Started process (PID=924) to work on /opt/airflow/dags/sigtap_etl_dag.py
[2025-07-28T23:55:25.376+0000] {processor.py:830} INFO - Processing file /opt/airflow/dags/sigtap_etl_dag.py for tasks to queue
[2025-07-28T23:55:25.377+0000] {logging_mixin.py:188} INFO - [2025-07-28T23:55:25.377+0000] {dagbag.py:545} INFO - Filling up the DagBag from /opt/airflow/dags/sigtap_etl_dag.py
[2025-07-28T23:55:25.398+0000] {processor.py:840} INFO - DAG(s) 'sigtap_etl_pipeline' retrieved from /opt/airflow/dags/sigtap_etl_dag.py
[2025-07-28T23:55:25.424+0000] {logging_mixin.py:188} INFO - [2025-07-28T23:55:25.424+0000] {dag.py:3096} INFO - Sync 1 DAGs
[2025-07-28T23:55:25.436+0000] {logging_mixin.py:188} INFO - [2025-07-28T23:55:25.435+0000] {dag.py:3954} INFO - Setting next_dagrun for sigtap_etl_pipeline to None, run_after=None
[2025-07-28T23:55:25.452+0000] {processor.py:183} INFO - Processing /opt/airflow/dags/sigtap_etl_dag.py took 0.083 seconds
[2025-07-28T23:55:55.943+0000] {processor.py:161} INFO - Started process (PID=927) to work on /opt/airflow/dags/sigtap_etl_dag.py
[2025-07-28T23:55:55.945+0000] {processor.py:830} INFO - Processing file /opt/airflow/dags/sigtap_etl_dag.py for tasks to queue
[2025-07-28T23:55:55.948+0000] {logging_mixin.py:188} INFO - [2025-07-28T23:55:55.948+0000] {dagbag.py:545} INFO - Filling up the DagBag from /opt/airflow/dags/sigtap_etl_dag.py
[2025-07-28T23:55:55.995+0000] {processor.py:840} INFO - DAG(s) 'sigtap_etl_pipeline' retrieved from /opt/airflow/dags/sigtap_etl_dag.py
[2025-07-28T23:55:56.034+0000] {logging_mixin.py:188} INFO - [2025-07-28T23:55:56.034+0000] {dag.py:3096} INFO - Sync 1 DAGs
[2025-07-28T23:55:56.051+0000] {logging_mixin.py:188} INFO - [2025-07-28T23:55:56.050+0000] {dag.py:3954} INFO - Setting next_dagrun for sigtap_etl_pipeline to None, run_after=None
[2025-07-28T23:55:56.071+0000] {processor.py:183} INFO - Processing /opt/airflow/dags/sigtap_etl_dag.py took 0.144 seconds
[2025-07-28T23:56:26.366+0000] {processor.py:161} INFO - Started process (PID=930) to work on /opt/airflow/dags/sigtap_etl_dag.py
[2025-07-28T23:56:26.367+0000] {processor.py:830} INFO - Processing file /opt/airflow/dags/sigtap_etl_dag.py for tasks to queue
[2025-07-28T23:56:26.369+0000] {logging_mixin.py:188} INFO - [2025-07-28T23:56:26.368+0000] {dagbag.py:545} INFO - Filling up the DagBag from /opt/airflow/dags/sigtap_etl_dag.py
[2025-07-28T23:56:26.391+0000] {processor.py:840} INFO - DAG(s) 'sigtap_etl_pipeline' retrieved from /opt/airflow/dags/sigtap_etl_dag.py
[2025-07-28T23:56:26.420+0000] {logging_mixin.py:188} INFO - [2025-07-28T23:56:26.420+0000] {dag.py:3096} INFO - Sync 1 DAGs
[2025-07-28T23:56:26.433+0000] {logging_mixin.py:188} INFO - [2025-07-28T23:56:26.432+0000] {dag.py:3954} INFO - Setting next_dagrun for sigtap_etl_pipeline to None, run_after=None
[2025-07-28T23:56:26.452+0000] {processor.py:183} INFO - Processing /opt/airflow/dags/sigtap_etl_dag.py took 0.092 seconds
[2025-07-28T23:56:56.697+0000] {processor.py:161} INFO - Started process (PID=933) to work on /opt/airflow/dags/sigtap_etl_dag.py
[2025-07-28T23:56:56.698+0000] {processor.py:830} INFO - Processing file /opt/airflow/dags/sigtap_etl_dag.py for tasks to queue
[2025-07-28T23:56:56.700+0000] {logging_mixin.py:188} INFO - [2025-07-28T23:56:56.700+0000] {dagbag.py:545} INFO - Filling up the DagBag from /opt/airflow/dags/sigtap_etl_dag.py
[2025-07-28T23:56:56.723+0000] {processor.py:840} INFO - DAG(s) 'sigtap_etl_pipeline' retrieved from /opt/airflow/dags/sigtap_etl_dag.py
[2025-07-28T23:56:56.751+0000] {logging_mixin.py:188} INFO - [2025-07-28T23:56:56.751+0000] {dag.py:3096} INFO - Sync 1 DAGs
[2025-07-28T23:56:56.768+0000] {logging_mixin.py:188} INFO - [2025-07-28T23:56:56.768+0000] {dag.py:3954} INFO - Setting next_dagrun for sigtap_etl_pipeline to None, run_after=None
[2025-07-28T23:56:56.787+0000] {processor.py:183} INFO - Processing /opt/airflow/dags/sigtap_etl_dag.py took 0.095 seconds
[2025-07-28T23:57:27.289+0000] {processor.py:161} INFO - Started process (PID=936) to work on /opt/airflow/dags/sigtap_etl_dag.py
[2025-07-28T23:57:27.291+0000] {processor.py:830} INFO - Processing file /opt/airflow/dags/sigtap_etl_dag.py for tasks to queue
[2025-07-28T23:57:27.294+0000] {logging_mixin.py:188} INFO - [2025-07-28T23:57:27.293+0000] {dagbag.py:545} INFO - Filling up the DagBag from /opt/airflow/dags/sigtap_etl_dag.py
[2025-07-28T23:57:27.325+0000] {processor.py:840} INFO - DAG(s) 'sigtap_etl_pipeline' retrieved from /opt/airflow/dags/sigtap_etl_dag.py
[2025-07-28T23:57:27.362+0000] {logging_mixin.py:188} INFO - [2025-07-28T23:57:27.361+0000] {dag.py:3096} INFO - Sync 1 DAGs
[2025-07-28T23:57:27.376+0000] {logging_mixin.py:188} INFO - [2025-07-28T23:57:27.375+0000] {dag.py:3954} INFO - Setting next_dagrun for sigtap_etl_pipeline to None, run_after=None
[2025-07-28T23:57:27.402+0000] {processor.py:183} INFO - Processing /opt/airflow/dags/sigtap_etl_dag.py took 0.122 seconds
[2025-07-28T23:57:57.600+0000] {processor.py:161} INFO - Started process (PID=939) to work on /opt/airflow/dags/sigtap_etl_dag.py
[2025-07-28T23:57:57.601+0000] {processor.py:830} INFO - Processing file /opt/airflow/dags/sigtap_etl_dag.py for tasks to queue
[2025-07-28T23:57:57.602+0000] {logging_mixin.py:188} INFO - [2025-07-28T23:57:57.602+0000] {dagbag.py:545} INFO - Filling up the DagBag from /opt/airflow/dags/sigtap_etl_dag.py
[2025-07-28T23:57:57.621+0000] {processor.py:840} INFO - DAG(s) 'sigtap_etl_pipeline' retrieved from /opt/airflow/dags/sigtap_etl_dag.py
[2025-07-28T23:57:57.646+0000] {logging_mixin.py:188} INFO - [2025-07-28T23:57:57.646+0000] {dag.py:3096} INFO - Sync 1 DAGs
[2025-07-28T23:57:57.657+0000] {logging_mixin.py:188} INFO - [2025-07-28T23:57:57.657+0000] {dag.py:3954} INFO - Setting next_dagrun for sigtap_etl_pipeline to None, run_after=None
[2025-07-28T23:57:57.672+0000] {processor.py:183} INFO - Processing /opt/airflow/dags/sigtap_etl_dag.py took 0.077 seconds
[2025-07-28T23:58:27.976+0000] {processor.py:161} INFO - Started process (PID=942) to work on /opt/airflow/dags/sigtap_etl_dag.py
[2025-07-28T23:58:27.977+0000] {processor.py:830} INFO - Processing file /opt/airflow/dags/sigtap_etl_dag.py for tasks to queue
[2025-07-28T23:58:27.979+0000] {logging_mixin.py:188} INFO - [2025-07-28T23:58:27.979+0000] {dagbag.py:545} INFO - Filling up the DagBag from /opt/airflow/dags/sigtap_etl_dag.py
[2025-07-28T23:58:28.001+0000] {processor.py:840} INFO - DAG(s) 'sigtap_etl_pipeline' retrieved from /opt/airflow/dags/sigtap_etl_dag.py
[2025-07-28T23:58:28.028+0000] {logging_mixin.py:188} INFO - [2025-07-28T23:58:28.028+0000] {dag.py:3096} INFO - Sync 1 DAGs
[2025-07-28T23:58:28.040+0000] {logging_mixin.py:188} INFO - [2025-07-28T23:58:28.040+0000] {dag.py:3954} INFO - Setting next_dagrun for sigtap_etl_pipeline to None, run_after=None
[2025-07-28T23:58:28.057+0000] {processor.py:183} INFO - Processing /opt/airflow/dags/sigtap_etl_dag.py took 0.086 seconds
[2025-07-28T23:58:58.308+0000] {processor.py:161} INFO - Started process (PID=945) to work on /opt/airflow/dags/sigtap_etl_dag.py
[2025-07-28T23:58:58.309+0000] {processor.py:830} INFO - Processing file /opt/airflow/dags/sigtap_etl_dag.py for tasks to queue
[2025-07-28T23:58:58.311+0000] {logging_mixin.py:188} INFO - [2025-07-28T23:58:58.311+0000] {dagbag.py:545} INFO - Filling up the DagBag from /opt/airflow/dags/sigtap_etl_dag.py
[2025-07-28T23:58:58.332+0000] {processor.py:840} INFO - DAG(s) 'sigtap_etl_pipeline' retrieved from /opt/airflow/dags/sigtap_etl_dag.py
[2025-07-28T23:58:58.361+0000] {logging_mixin.py:188} INFO - [2025-07-28T23:58:58.360+0000] {dag.py:3096} INFO - Sync 1 DAGs
[2025-07-28T23:58:58.374+0000] {logging_mixin.py:188} INFO - [2025-07-28T23:58:58.373+0000] {dag.py:3954} INFO - Setting next_dagrun for sigtap_etl_pipeline to None, run_after=None
[2025-07-28T23:58:58.393+0000] {processor.py:183} INFO - Processing /opt/airflow/dags/sigtap_etl_dag.py took 0.092 seconds
[2025-07-28T23:59:28.926+0000] {processor.py:161} INFO - Started process (PID=948) to work on /opt/airflow/dags/sigtap_etl_dag.py
[2025-07-28T23:59:28.926+0000] {processor.py:830} INFO - Processing file /opt/airflow/dags/sigtap_etl_dag.py for tasks to queue
[2025-07-28T23:59:28.928+0000] {logging_mixin.py:188} INFO - [2025-07-28T23:59:28.928+0000] {dagbag.py:545} INFO - Filling up the DagBag from /opt/airflow/dags/sigtap_etl_dag.py
[2025-07-28T23:59:28.949+0000] {processor.py:840} INFO - DAG(s) 'sigtap_etl_pipeline' retrieved from /opt/airflow/dags/sigtap_etl_dag.py
[2025-07-28T23:59:28.977+0000] {logging_mixin.py:188} INFO - [2025-07-28T23:59:28.976+0000] {dag.py:3096} INFO - Sync 1 DAGs
[2025-07-28T23:59:28.990+0000] {logging_mixin.py:188} INFO - [2025-07-28T23:59:28.989+0000] {dag.py:3954} INFO - Setting next_dagrun for sigtap_etl_pipeline to None, run_after=None
[2025-07-28T23:59:29.007+0000] {processor.py:183} INFO - Processing /opt/airflow/dags/sigtap_etl_dag.py took 0.088 seconds
[2025-07-28T23:59:59.294+0000] {processor.py:161} INFO - Started process (PID=951) to work on /opt/airflow/dags/sigtap_etl_dag.py
[2025-07-28T23:59:59.295+0000] {processor.py:830} INFO - Processing file /opt/airflow/dags/sigtap_etl_dag.py for tasks to queue
[2025-07-28T23:59:59.298+0000] {logging_mixin.py:188} INFO - [2025-07-28T23:59:59.297+0000] {dagbag.py:545} INFO - Filling up the DagBag from /opt/airflow/dags/sigtap_etl_dag.py
[2025-07-28T23:59:59.324+0000] {processor.py:840} INFO - DAG(s) 'sigtap_etl_pipeline' retrieved from /opt/airflow/dags/sigtap_etl_dag.py
[2025-07-28T23:59:59.364+0000] {logging_mixin.py:188} INFO - [2025-07-28T23:59:59.363+0000] {dag.py:3096} INFO - Sync 1 DAGs
[2025-07-28T23:59:59.380+0000] {logging_mixin.py:188} INFO - [2025-07-28T23:59:59.379+0000] {dag.py:3954} INFO - Setting next_dagrun for sigtap_etl_pipeline to None, run_after=None
[2025-07-28T23:59:59.407+0000] {processor.py:183} INFO - Processing /opt/airflow/dags/sigtap_etl_dag.py took 0.121 seconds
