[2025-07-28T23:43:14.423+0000] {processor.py:161} INFO - Started process (PID=851) to work on /opt/airflow/dags/sigtap_extraction_dag.py
[2025-07-28T23:43:14.428+0000] {processor.py:830} INFO - Processing file /opt/airflow/dags/sigtap_extraction_dag.py for tasks to queue
[2025-07-28T23:43:14.438+0000] {logging_mixin.py:188} INFO - [2025-07-28T23:43:14.436+0000] {dagbag.py:545} INFO - Filling up the DagBag from /opt/airflow/dags/sigtap_extraction_dag.py
[2025-07-28T23:43:14.528+0000] {processor.py:840} INFO - DAG(s) 'sigtap_01_extraction' retrieved from /opt/airflow/dags/sigtap_extraction_dag.py
[2025-07-28T23:43:14.602+0000] {logging_mixin.py:188} INFO - [2025-07-28T23:43:14.601+0000] {dag.py:3096} INFO - Sync 1 DAGs
[2025-07-28T23:43:14.654+0000] {logging_mixin.py:188} INFO - [2025-07-28T23:43:14.653+0000] {dag.py:3954} INFO - Setting next_dagrun for sigtap_01_extraction to 2025-08-01 03:00:00+00:00, run_after=2025-09-01 03:00:00+00:00
[2025-07-28T23:43:14.716+0000] {processor.py:183} INFO - Processing /opt/airflow/dags/sigtap_extraction_dag.py took 0.327 seconds
[2025-07-28T23:43:45.760+0000] {processor.py:161} INFO - Started process (PID=854) to work on /opt/airflow/dags/sigtap_extraction_dag.py
[2025-07-28T23:43:45.762+0000] {processor.py:830} INFO - Processing file /opt/airflow/dags/sigtap_extraction_dag.py for tasks to queue
[2025-07-28T23:43:45.766+0000] {logging_mixin.py:188} INFO - [2025-07-28T23:43:45.765+0000] {dagbag.py:545} INFO - Filling up the DagBag from /opt/airflow/dags/sigtap_extraction_dag.py
[2025-07-28T23:43:45.819+0000] {processor.py:840} INFO - DAG(s) 'sigtap_01_extraction' retrieved from /opt/airflow/dags/sigtap_extraction_dag.py
[2025-07-28T23:43:45.885+0000] {logging_mixin.py:188} INFO - [2025-07-28T23:43:45.884+0000] {dag.py:3096} INFO - Sync 1 DAGs
[2025-07-28T23:43:45.940+0000] {logging_mixin.py:188} INFO - [2025-07-28T23:43:45.939+0000] {dag.py:3954} INFO - Setting next_dagrun for sigtap_01_extraction to 2025-08-01 03:00:00+00:00, run_after=2025-09-01 03:00:00+00:00
[2025-07-28T23:43:45.984+0000] {processor.py:183} INFO - Processing /opt/airflow/dags/sigtap_extraction_dag.py took 0.238 seconds
[2025-07-28T23:44:16.295+0000] {processor.py:161} INFO - Started process (PID=857) to work on /opt/airflow/dags/sigtap_extraction_dag.py
[2025-07-28T23:44:16.297+0000] {processor.py:830} INFO - Processing file /opt/airflow/dags/sigtap_extraction_dag.py for tasks to queue
[2025-07-28T23:44:16.299+0000] {logging_mixin.py:188} INFO - [2025-07-28T23:44:16.298+0000] {dagbag.py:545} INFO - Filling up the DagBag from /opt/airflow/dags/sigtap_extraction_dag.py
[2025-07-28T23:44:16.330+0000] {processor.py:840} INFO - DAG(s) 'sigtap_01_extraction' retrieved from /opt/airflow/dags/sigtap_extraction_dag.py
[2025-07-28T23:44:16.376+0000] {logging_mixin.py:188} INFO - [2025-07-28T23:44:16.376+0000] {dag.py:3096} INFO - Sync 1 DAGs
[2025-07-28T23:44:16.409+0000] {logging_mixin.py:188} INFO - [2025-07-28T23:44:16.409+0000] {dag.py:3954} INFO - Setting next_dagrun for sigtap_01_extraction to 2025-08-01 03:00:00+00:00, run_after=2025-09-01 03:00:00+00:00
[2025-07-28T23:44:16.438+0000] {processor.py:183} INFO - Processing /opt/airflow/dags/sigtap_extraction_dag.py took 0.152 seconds
[2025-07-28T23:44:46.714+0000] {processor.py:161} INFO - Started process (PID=860) to work on /opt/airflow/dags/sigtap_extraction_dag.py
[2025-07-28T23:44:46.715+0000] {processor.py:830} INFO - Processing file /opt/airflow/dags/sigtap_extraction_dag.py for tasks to queue
[2025-07-28T23:44:46.717+0000] {logging_mixin.py:188} INFO - [2025-07-28T23:44:46.717+0000] {dagbag.py:545} INFO - Filling up the DagBag from /opt/airflow/dags/sigtap_extraction_dag.py
[2025-07-28T23:44:46.743+0000] {processor.py:840} INFO - DAG(s) 'sigtap_01_extraction' retrieved from /opt/airflow/dags/sigtap_extraction_dag.py
[2025-07-28T23:44:46.772+0000] {logging_mixin.py:188} INFO - [2025-07-28T23:44:46.772+0000] {dag.py:3096} INFO - Sync 1 DAGs
[2025-07-28T23:44:46.797+0000] {logging_mixin.py:188} INFO - [2025-07-28T23:44:46.797+0000] {dag.py:3954} INFO - Setting next_dagrun for sigtap_01_extraction to 2025-08-01 03:00:00+00:00, run_after=2025-09-01 03:00:00+00:00
[2025-07-28T23:44:46.817+0000] {processor.py:183} INFO - Processing /opt/airflow/dags/sigtap_extraction_dag.py took 0.109 seconds
[2025-07-28T23:45:17.086+0000] {processor.py:161} INFO - Started process (PID=863) to work on /opt/airflow/dags/sigtap_extraction_dag.py
[2025-07-28T23:45:17.088+0000] {processor.py:830} INFO - Processing file /opt/airflow/dags/sigtap_extraction_dag.py for tasks to queue
[2025-07-28T23:45:17.091+0000] {logging_mixin.py:188} INFO - [2025-07-28T23:45:17.091+0000] {dagbag.py:545} INFO - Filling up the DagBag from /opt/airflow/dags/sigtap_extraction_dag.py
[2025-07-28T23:45:17.125+0000] {processor.py:840} INFO - DAG(s) 'sigtap_01_extraction' retrieved from /opt/airflow/dags/sigtap_extraction_dag.py
[2025-07-28T23:45:17.162+0000] {logging_mixin.py:188} INFO - [2025-07-28T23:45:17.162+0000] {dag.py:3096} INFO - Sync 1 DAGs
[2025-07-28T23:45:17.201+0000] {logging_mixin.py:188} INFO - [2025-07-28T23:45:17.200+0000] {dag.py:3954} INFO - Setting next_dagrun for sigtap_01_extraction to 2025-08-01 03:00:00+00:00, run_after=2025-09-01 03:00:00+00:00
[2025-07-28T23:45:17.236+0000] {processor.py:183} INFO - Processing /opt/airflow/dags/sigtap_extraction_dag.py took 0.157 seconds
[2025-07-28T23:45:47.517+0000] {processor.py:161} INFO - Started process (PID=866) to work on /opt/airflow/dags/sigtap_extraction_dag.py
[2025-07-28T23:45:47.519+0000] {processor.py:830} INFO - Processing file /opt/airflow/dags/sigtap_extraction_dag.py for tasks to queue
[2025-07-28T23:45:47.522+0000] {logging_mixin.py:188} INFO - [2025-07-28T23:45:47.522+0000] {dagbag.py:545} INFO - Filling up the DagBag from /opt/airflow/dags/sigtap_extraction_dag.py
[2025-07-28T23:45:47.563+0000] {processor.py:840} INFO - DAG(s) 'sigtap_01_extraction' retrieved from /opt/airflow/dags/sigtap_extraction_dag.py
[2025-07-28T23:45:47.614+0000] {logging_mixin.py:188} INFO - [2025-07-28T23:45:47.613+0000] {dag.py:3096} INFO - Sync 1 DAGs
[2025-07-28T23:45:47.658+0000] {logging_mixin.py:188} INFO - [2025-07-28T23:45:47.657+0000] {dag.py:3954} INFO - Setting next_dagrun for sigtap_01_extraction to 2025-08-01 03:00:00+00:00, run_after=2025-09-01 03:00:00+00:00
[2025-07-28T23:45:47.688+0000] {processor.py:183} INFO - Processing /opt/airflow/dags/sigtap_extraction_dag.py took 0.182 seconds
[2025-07-28T23:46:17.953+0000] {processor.py:161} INFO - Started process (PID=869) to work on /opt/airflow/dags/sigtap_extraction_dag.py
[2025-07-28T23:46:17.954+0000] {processor.py:830} INFO - Processing file /opt/airflow/dags/sigtap_extraction_dag.py for tasks to queue
[2025-07-28T23:46:17.956+0000] {logging_mixin.py:188} INFO - [2025-07-28T23:46:17.956+0000] {dagbag.py:545} INFO - Filling up the DagBag from /opt/airflow/dags/sigtap_extraction_dag.py
[2025-07-28T23:46:17.979+0000] {processor.py:840} INFO - DAG(s) 'sigtap_01_extraction' retrieved from /opt/airflow/dags/sigtap_extraction_dag.py
[2025-07-28T23:46:18.008+0000] {logging_mixin.py:188} INFO - [2025-07-28T23:46:18.008+0000] {dag.py:3096} INFO - Sync 1 DAGs
[2025-07-28T23:46:18.031+0000] {logging_mixin.py:188} INFO - [2025-07-28T23:46:18.030+0000] {dag.py:3954} INFO - Setting next_dagrun for sigtap_01_extraction to 2025-08-01 03:00:00+00:00, run_after=2025-09-01 03:00:00+00:00
[2025-07-28T23:46:18.053+0000] {processor.py:183} INFO - Processing /opt/airflow/dags/sigtap_extraction_dag.py took 0.105 seconds
[2025-07-28T23:46:48.370+0000] {processor.py:161} INFO - Started process (PID=872) to work on /opt/airflow/dags/sigtap_extraction_dag.py
[2025-07-28T23:46:48.372+0000] {processor.py:830} INFO - Processing file /opt/airflow/dags/sigtap_extraction_dag.py for tasks to queue
[2025-07-28T23:46:48.376+0000] {logging_mixin.py:188} INFO - [2025-07-28T23:46:48.375+0000] {dagbag.py:545} INFO - Filling up the DagBag from /opt/airflow/dags/sigtap_extraction_dag.py
[2025-07-28T23:46:48.447+0000] {processor.py:840} INFO - DAG(s) 'sigtap_01_extraction' retrieved from /opt/airflow/dags/sigtap_extraction_dag.py
[2025-07-28T23:46:48.536+0000] {logging_mixin.py:188} INFO - [2025-07-28T23:46:48.536+0000] {dag.py:3096} INFO - Sync 1 DAGs
[2025-07-28T23:46:48.600+0000] {logging_mixin.py:188} INFO - [2025-07-28T23:46:48.600+0000] {dag.py:3954} INFO - Setting next_dagrun for sigtap_01_extraction to 2025-08-01 03:00:00+00:00, run_after=2025-09-01 03:00:00+00:00
[2025-07-28T23:46:48.644+0000] {processor.py:183} INFO - Processing /opt/airflow/dags/sigtap_extraction_dag.py took 0.290 seconds
[2025-07-28T23:47:18.934+0000] {processor.py:161} INFO - Started process (PID=875) to work on /opt/airflow/dags/sigtap_extraction_dag.py
[2025-07-28T23:47:18.935+0000] {processor.py:830} INFO - Processing file /opt/airflow/dags/sigtap_extraction_dag.py for tasks to queue
[2025-07-28T23:47:18.937+0000] {logging_mixin.py:188} INFO - [2025-07-28T23:47:18.937+0000] {dagbag.py:545} INFO - Filling up the DagBag from /opt/airflow/dags/sigtap_extraction_dag.py
[2025-07-28T23:47:18.960+0000] {processor.py:840} INFO - DAG(s) 'sigtap_01_extraction' retrieved from /opt/airflow/dags/sigtap_extraction_dag.py
[2025-07-28T23:47:18.989+0000] {logging_mixin.py:188} INFO - [2025-07-28T23:47:18.989+0000] {dag.py:3096} INFO - Sync 1 DAGs
[2025-07-28T23:47:19.012+0000] {logging_mixin.py:188} INFO - [2025-07-28T23:47:19.011+0000] {dag.py:3954} INFO - Setting next_dagrun for sigtap_01_extraction to 2025-08-01 03:00:00+00:00, run_after=2025-09-01 03:00:00+00:00
[2025-07-28T23:47:19.032+0000] {processor.py:183} INFO - Processing /opt/airflow/dags/sigtap_extraction_dag.py took 0.105 seconds
[2025-07-28T23:47:49.269+0000] {processor.py:161} INFO - Started process (PID=878) to work on /opt/airflow/dags/sigtap_extraction_dag.py
[2025-07-28T23:47:49.270+0000] {processor.py:830} INFO - Processing file /opt/airflow/dags/sigtap_extraction_dag.py for tasks to queue
[2025-07-28T23:47:49.272+0000] {logging_mixin.py:188} INFO - [2025-07-28T23:47:49.272+0000] {dagbag.py:545} INFO - Filling up the DagBag from /opt/airflow/dags/sigtap_extraction_dag.py
[2025-07-28T23:47:49.299+0000] {processor.py:840} INFO - DAG(s) 'sigtap_01_extraction' retrieved from /opt/airflow/dags/sigtap_extraction_dag.py
[2025-07-28T23:47:49.344+0000] {logging_mixin.py:188} INFO - [2025-07-28T23:47:49.344+0000] {dag.py:3096} INFO - Sync 1 DAGs
[2025-07-28T23:47:49.381+0000] {logging_mixin.py:188} INFO - [2025-07-28T23:47:49.381+0000] {dag.py:3954} INFO - Setting next_dagrun for sigtap_01_extraction to 2025-08-01 03:00:00+00:00, run_after=2025-09-01 03:00:00+00:00
[2025-07-28T23:47:49.417+0000] {processor.py:183} INFO - Processing /opt/airflow/dags/sigtap_extraction_dag.py took 0.154 seconds
[2025-07-28T23:48:19.749+0000] {processor.py:161} INFO - Started process (PID=881) to work on /opt/airflow/dags/sigtap_extraction_dag.py
[2025-07-28T23:48:19.750+0000] {processor.py:830} INFO - Processing file /opt/airflow/dags/sigtap_extraction_dag.py for tasks to queue
[2025-07-28T23:48:19.753+0000] {logging_mixin.py:188} INFO - [2025-07-28T23:48:19.752+0000] {dagbag.py:545} INFO - Filling up the DagBag from /opt/airflow/dags/sigtap_extraction_dag.py
[2025-07-28T23:48:19.776+0000] {processor.py:840} INFO - DAG(s) 'sigtap_01_extraction' retrieved from /opt/airflow/dags/sigtap_extraction_dag.py
[2025-07-28T23:48:19.810+0000] {logging_mixin.py:188} INFO - [2025-07-28T23:48:19.810+0000] {dag.py:3096} INFO - Sync 1 DAGs
[2025-07-28T23:48:19.849+0000] {logging_mixin.py:188} INFO - [2025-07-28T23:48:19.848+0000] {dag.py:3954} INFO - Setting next_dagrun for sigtap_01_extraction to 2025-08-01 03:00:00+00:00, run_after=2025-09-01 03:00:00+00:00
[2025-07-28T23:48:19.878+0000] {processor.py:183} INFO - Processing /opt/airflow/dags/sigtap_extraction_dag.py took 0.135 seconds
[2025-07-28T23:48:50.258+0000] {processor.py:161} INFO - Started process (PID=884) to work on /opt/airflow/dags/sigtap_extraction_dag.py
[2025-07-28T23:48:50.259+0000] {processor.py:830} INFO - Processing file /opt/airflow/dags/sigtap_extraction_dag.py for tasks to queue
[2025-07-28T23:48:50.261+0000] {logging_mixin.py:188} INFO - [2025-07-28T23:48:50.261+0000] {dagbag.py:545} INFO - Filling up the DagBag from /opt/airflow/dags/sigtap_extraction_dag.py
[2025-07-28T23:48:50.284+0000] {processor.py:840} INFO - DAG(s) 'sigtap_01_extraction' retrieved from /opt/airflow/dags/sigtap_extraction_dag.py
[2025-07-28T23:48:50.314+0000] {logging_mixin.py:188} INFO - [2025-07-28T23:48:50.313+0000] {dag.py:3096} INFO - Sync 1 DAGs
[2025-07-28T23:48:50.337+0000] {logging_mixin.py:188} INFO - [2025-07-28T23:48:50.337+0000] {dag.py:3954} INFO - Setting next_dagrun for sigtap_01_extraction to 2025-08-01 03:00:00+00:00, run_after=2025-09-01 03:00:00+00:00
[2025-07-28T23:48:50.355+0000] {processor.py:183} INFO - Processing /opt/airflow/dags/sigtap_extraction_dag.py took 0.103 seconds
[2025-07-28T23:49:20.604+0000] {processor.py:161} INFO - Started process (PID=887) to work on /opt/airflow/dags/sigtap_extraction_dag.py
[2025-07-28T23:49:20.605+0000] {processor.py:830} INFO - Processing file /opt/airflow/dags/sigtap_extraction_dag.py for tasks to queue
[2025-07-28T23:49:20.606+0000] {logging_mixin.py:188} INFO - [2025-07-28T23:49:20.606+0000] {dagbag.py:545} INFO - Filling up the DagBag from /opt/airflow/dags/sigtap_extraction_dag.py
[2025-07-28T23:49:20.630+0000] {processor.py:840} INFO - DAG(s) 'sigtap_01_extraction' retrieved from /opt/airflow/dags/sigtap_extraction_dag.py
[2025-07-28T23:49:20.659+0000] {logging_mixin.py:188} INFO - [2025-07-28T23:49:20.659+0000] {dag.py:3096} INFO - Sync 1 DAGs
[2025-07-28T23:49:20.682+0000] {logging_mixin.py:188} INFO - [2025-07-28T23:49:20.681+0000] {dag.py:3954} INFO - Setting next_dagrun for sigtap_01_extraction to 2025-08-01 03:00:00+00:00, run_after=2025-09-01 03:00:00+00:00
[2025-07-28T23:49:20.701+0000] {processor.py:183} INFO - Processing /opt/airflow/dags/sigtap_extraction_dag.py took 0.103 seconds
[2025-07-28T23:49:50.973+0000] {processor.py:161} INFO - Started process (PID=890) to work on /opt/airflow/dags/sigtap_extraction_dag.py
[2025-07-28T23:49:50.975+0000] {processor.py:830} INFO - Processing file /opt/airflow/dags/sigtap_extraction_dag.py for tasks to queue
[2025-07-28T23:49:50.978+0000] {logging_mixin.py:188} INFO - [2025-07-28T23:49:50.978+0000] {dagbag.py:545} INFO - Filling up the DagBag from /opt/airflow/dags/sigtap_extraction_dag.py
[2025-07-28T23:49:51.005+0000] {processor.py:840} INFO - DAG(s) 'sigtap_01_extraction' retrieved from /opt/airflow/dags/sigtap_extraction_dag.py
[2025-07-28T23:49:51.037+0000] {logging_mixin.py:188} INFO - [2025-07-28T23:49:51.036+0000] {dag.py:3096} INFO - Sync 1 DAGs
[2025-07-28T23:49:51.066+0000] {logging_mixin.py:188} INFO - [2025-07-28T23:49:51.066+0000] {dag.py:3954} INFO - Setting next_dagrun for sigtap_01_extraction to 2025-08-01 03:00:00+00:00, run_after=2025-09-01 03:00:00+00:00
[2025-07-28T23:49:51.087+0000] {processor.py:183} INFO - Processing /opt/airflow/dags/sigtap_extraction_dag.py took 0.124 seconds
[2025-07-28T23:50:21.395+0000] {processor.py:161} INFO - Started process (PID=893) to work on /opt/airflow/dags/sigtap_extraction_dag.py
[2025-07-28T23:50:21.396+0000] {processor.py:830} INFO - Processing file /opt/airflow/dags/sigtap_extraction_dag.py for tasks to queue
[2025-07-28T23:50:21.403+0000] {logging_mixin.py:188} INFO - [2025-07-28T23:50:21.401+0000] {dagbag.py:545} INFO - Filling up the DagBag from /opt/airflow/dags/sigtap_extraction_dag.py
[2025-07-28T23:50:21.460+0000] {processor.py:840} INFO - DAG(s) 'sigtap_01_extraction' retrieved from /opt/airflow/dags/sigtap_extraction_dag.py
[2025-07-28T23:50:21.545+0000] {logging_mixin.py:188} INFO - [2025-07-28T23:50:21.544+0000] {dag.py:3096} INFO - Sync 1 DAGs
[2025-07-28T23:50:21.609+0000] {logging_mixin.py:188} INFO - [2025-07-28T23:50:21.609+0000] {dag.py:3954} INFO - Setting next_dagrun for sigtap_01_extraction to 2025-08-01 03:00:00+00:00, run_after=2025-09-01 03:00:00+00:00
[2025-07-28T23:50:21.658+0000] {processor.py:183} INFO - Processing /opt/airflow/dags/sigtap_extraction_dag.py took 0.272 seconds
[2025-07-28T23:50:51.906+0000] {processor.py:161} INFO - Started process (PID=896) to work on /opt/airflow/dags/sigtap_extraction_dag.py
[2025-07-28T23:50:51.907+0000] {processor.py:830} INFO - Processing file /opt/airflow/dags/sigtap_extraction_dag.py for tasks to queue
[2025-07-28T23:50:51.909+0000] {logging_mixin.py:188} INFO - [2025-07-28T23:50:51.909+0000] {dagbag.py:545} INFO - Filling up the DagBag from /opt/airflow/dags/sigtap_extraction_dag.py
[2025-07-28T23:50:51.970+0000] {processor.py:840} INFO - DAG(s) 'sigtap_01_extraction' retrieved from /opt/airflow/dags/sigtap_extraction_dag.py
[2025-07-28T23:50:52.055+0000] {logging_mixin.py:188} INFO - [2025-07-28T23:50:52.055+0000] {dag.py:3096} INFO - Sync 1 DAGs
[2025-07-28T23:50:52.108+0000] {logging_mixin.py:188} INFO - [2025-07-28T23:50:52.108+0000] {dag.py:3954} INFO - Setting next_dagrun for sigtap_01_extraction to 2025-08-01 03:00:00+00:00, run_after=2025-09-01 03:00:00+00:00
[2025-07-28T23:50:52.150+0000] {processor.py:183} INFO - Processing /opt/airflow/dags/sigtap_extraction_dag.py took 0.251 seconds
[2025-07-28T23:51:22.431+0000] {processor.py:161} INFO - Started process (PID=899) to work on /opt/airflow/dags/sigtap_extraction_dag.py
[2025-07-28T23:51:22.432+0000] {processor.py:830} INFO - Processing file /opt/airflow/dags/sigtap_extraction_dag.py for tasks to queue
[2025-07-28T23:51:22.434+0000] {logging_mixin.py:188} INFO - [2025-07-28T23:51:22.434+0000] {dagbag.py:545} INFO - Filling up the DagBag from /opt/airflow/dags/sigtap_extraction_dag.py
[2025-07-28T23:51:22.456+0000] {processor.py:840} INFO - DAG(s) 'sigtap_01_extraction' retrieved from /opt/airflow/dags/sigtap_extraction_dag.py
[2025-07-28T23:51:22.483+0000] {logging_mixin.py:188} INFO - [2025-07-28T23:51:22.483+0000] {dag.py:3096} INFO - Sync 1 DAGs
[2025-07-28T23:51:22.505+0000] {logging_mixin.py:188} INFO - [2025-07-28T23:51:22.505+0000] {dag.py:3954} INFO - Setting next_dagrun for sigtap_01_extraction to 2025-08-01 03:00:00+00:00, run_after=2025-09-01 03:00:00+00:00
[2025-07-28T23:51:22.522+0000] {processor.py:183} INFO - Processing /opt/airflow/dags/sigtap_extraction_dag.py took 0.097 seconds
[2025-07-28T23:51:52.780+0000] {processor.py:161} INFO - Started process (PID=902) to work on /opt/airflow/dags/sigtap_extraction_dag.py
[2025-07-28T23:51:52.781+0000] {processor.py:830} INFO - Processing file /opt/airflow/dags/sigtap_extraction_dag.py for tasks to queue
[2025-07-28T23:51:52.783+0000] {logging_mixin.py:188} INFO - [2025-07-28T23:51:52.783+0000] {dagbag.py:545} INFO - Filling up the DagBag from /opt/airflow/dags/sigtap_extraction_dag.py
[2025-07-28T23:51:52.809+0000] {processor.py:840} INFO - DAG(s) 'sigtap_01_extraction' retrieved from /opt/airflow/dags/sigtap_extraction_dag.py
[2025-07-28T23:51:52.839+0000] {logging_mixin.py:188} INFO - [2025-07-28T23:51:52.839+0000] {dag.py:3096} INFO - Sync 1 DAGs
[2025-07-28T23:51:52.862+0000] {logging_mixin.py:188} INFO - [2025-07-28T23:51:52.862+0000] {dag.py:3954} INFO - Setting next_dagrun for sigtap_01_extraction to 2025-08-01 03:00:00+00:00, run_after=2025-09-01 03:00:00+00:00
[2025-07-28T23:51:52.881+0000] {processor.py:183} INFO - Processing /opt/airflow/dags/sigtap_extraction_dag.py took 0.106 seconds
[2025-07-28T23:52:23.123+0000] {processor.py:161} INFO - Started process (PID=905) to work on /opt/airflow/dags/sigtap_extraction_dag.py
[2025-07-28T23:52:23.124+0000] {processor.py:830} INFO - Processing file /opt/airflow/dags/sigtap_extraction_dag.py for tasks to queue
[2025-07-28T23:52:23.126+0000] {logging_mixin.py:188} INFO - [2025-07-28T23:52:23.125+0000] {dagbag.py:545} INFO - Filling up the DagBag from /opt/airflow/dags/sigtap_extraction_dag.py
[2025-07-28T23:52:23.149+0000] {processor.py:840} INFO - DAG(s) 'sigtap_01_extraction' retrieved from /opt/airflow/dags/sigtap_extraction_dag.py
[2025-07-28T23:52:23.181+0000] {logging_mixin.py:188} INFO - [2025-07-28T23:52:23.180+0000] {dag.py:3096} INFO - Sync 1 DAGs
[2025-07-28T23:52:23.205+0000] {logging_mixin.py:188} INFO - [2025-07-28T23:52:23.204+0000] {dag.py:3954} INFO - Setting next_dagrun for sigtap_01_extraction to 2025-08-01 03:00:00+00:00, run_after=2025-09-01 03:00:00+00:00
[2025-07-28T23:52:23.223+0000] {processor.py:183} INFO - Processing /opt/airflow/dags/sigtap_extraction_dag.py took 0.106 seconds
[2025-07-28T23:52:53.461+0000] {processor.py:161} INFO - Started process (PID=908) to work on /opt/airflow/dags/sigtap_extraction_dag.py
[2025-07-28T23:52:53.462+0000] {processor.py:830} INFO - Processing file /opt/airflow/dags/sigtap_extraction_dag.py for tasks to queue
[2025-07-28T23:52:53.464+0000] {logging_mixin.py:188} INFO - [2025-07-28T23:52:53.464+0000] {dagbag.py:545} INFO - Filling up the DagBag from /opt/airflow/dags/sigtap_extraction_dag.py
[2025-07-28T23:52:53.487+0000] {processor.py:840} INFO - DAG(s) 'sigtap_01_extraction' retrieved from /opt/airflow/dags/sigtap_extraction_dag.py
[2025-07-28T23:52:53.515+0000] {logging_mixin.py:188} INFO - [2025-07-28T23:52:53.515+0000] {dag.py:3096} INFO - Sync 1 DAGs
[2025-07-28T23:52:53.537+0000] {logging_mixin.py:188} INFO - [2025-07-28T23:52:53.537+0000] {dag.py:3954} INFO - Setting next_dagrun for sigtap_01_extraction to 2025-08-01 03:00:00+00:00, run_after=2025-09-01 03:00:00+00:00
[2025-07-28T23:52:53.558+0000] {processor.py:183} INFO - Processing /opt/airflow/dags/sigtap_extraction_dag.py took 0.102 seconds
[2025-07-28T23:53:23.836+0000] {processor.py:161} INFO - Started process (PID=911) to work on /opt/airflow/dags/sigtap_extraction_dag.py
[2025-07-28T23:53:23.837+0000] {processor.py:830} INFO - Processing file /opt/airflow/dags/sigtap_extraction_dag.py for tasks to queue
[2025-07-28T23:53:23.839+0000] {logging_mixin.py:188} INFO - [2025-07-28T23:53:23.838+0000] {dagbag.py:545} INFO - Filling up the DagBag from /opt/airflow/dags/sigtap_extraction_dag.py
[2025-07-28T23:53:23.861+0000] {processor.py:840} INFO - DAG(s) 'sigtap_01_extraction' retrieved from /opt/airflow/dags/sigtap_extraction_dag.py
[2025-07-28T23:53:23.892+0000] {logging_mixin.py:188} INFO - [2025-07-28T23:53:23.892+0000] {dag.py:3096} INFO - Sync 1 DAGs
[2025-07-28T23:53:23.916+0000] {logging_mixin.py:188} INFO - [2025-07-28T23:53:23.915+0000] {dag.py:3954} INFO - Setting next_dagrun for sigtap_01_extraction to 2025-08-01 03:00:00+00:00, run_after=2025-09-01 03:00:00+00:00
[2025-07-28T23:53:23.935+0000] {processor.py:183} INFO - Processing /opt/airflow/dags/sigtap_extraction_dag.py took 0.104 seconds
[2025-07-28T23:53:54.235+0000] {processor.py:161} INFO - Started process (PID=914) to work on /opt/airflow/dags/sigtap_extraction_dag.py
[2025-07-28T23:53:54.236+0000] {processor.py:830} INFO - Processing file /opt/airflow/dags/sigtap_extraction_dag.py for tasks to queue
[2025-07-28T23:53:54.240+0000] {logging_mixin.py:188} INFO - [2025-07-28T23:53:54.239+0000] {dagbag.py:545} INFO - Filling up the DagBag from /opt/airflow/dags/sigtap_extraction_dag.py
[2025-07-28T23:53:54.276+0000] {processor.py:840} INFO - DAG(s) 'sigtap_01_extraction' retrieved from /opt/airflow/dags/sigtap_extraction_dag.py
[2025-07-28T23:53:54.308+0000] {logging_mixin.py:188} INFO - [2025-07-28T23:53:54.308+0000] {dag.py:3096} INFO - Sync 1 DAGs
[2025-07-28T23:53:54.331+0000] {logging_mixin.py:188} INFO - [2025-07-28T23:53:54.331+0000] {dag.py:3954} INFO - Setting next_dagrun for sigtap_01_extraction to 2025-08-01 03:00:00+00:00, run_after=2025-09-01 03:00:00+00:00
[2025-07-28T23:53:54.349+0000] {processor.py:183} INFO - Processing /opt/airflow/dags/sigtap_extraction_dag.py took 0.120 seconds
[2025-07-28T23:54:24.597+0000] {processor.py:161} INFO - Started process (PID=917) to work on /opt/airflow/dags/sigtap_extraction_dag.py
[2025-07-28T23:54:24.598+0000] {processor.py:830} INFO - Processing file /opt/airflow/dags/sigtap_extraction_dag.py for tasks to queue
[2025-07-28T23:54:24.601+0000] {logging_mixin.py:188} INFO - [2025-07-28T23:54:24.600+0000] {dagbag.py:545} INFO - Filling up the DagBag from /opt/airflow/dags/sigtap_extraction_dag.py
[2025-07-28T23:54:24.625+0000] {processor.py:840} INFO - DAG(s) 'sigtap_01_extraction' retrieved from /opt/airflow/dags/sigtap_extraction_dag.py
[2025-07-28T23:54:24.653+0000] {logging_mixin.py:188} INFO - [2025-07-28T23:54:24.653+0000] {dag.py:3096} INFO - Sync 1 DAGs
[2025-07-28T23:54:24.675+0000] {logging_mixin.py:188} INFO - [2025-07-28T23:54:24.674+0000] {dag.py:3954} INFO - Setting next_dagrun for sigtap_01_extraction to 2025-08-01 03:00:00+00:00, run_after=2025-09-01 03:00:00+00:00
[2025-07-28T23:54:24.692+0000] {processor.py:183} INFO - Processing /opt/airflow/dags/sigtap_extraction_dag.py took 0.100 seconds
[2025-07-28T23:54:54.931+0000] {processor.py:161} INFO - Started process (PID=920) to work on /opt/airflow/dags/sigtap_extraction_dag.py
[2025-07-28T23:54:54.932+0000] {processor.py:830} INFO - Processing file /opt/airflow/dags/sigtap_extraction_dag.py for tasks to queue
[2025-07-28T23:54:54.934+0000] {logging_mixin.py:188} INFO - [2025-07-28T23:54:54.933+0000] {dagbag.py:545} INFO - Filling up the DagBag from /opt/airflow/dags/sigtap_extraction_dag.py
[2025-07-28T23:54:54.957+0000] {processor.py:840} INFO - DAG(s) 'sigtap_01_extraction' retrieved from /opt/airflow/dags/sigtap_extraction_dag.py
[2025-07-28T23:54:54.984+0000] {logging_mixin.py:188} INFO - [2025-07-28T23:54:54.984+0000] {dag.py:3096} INFO - Sync 1 DAGs
[2025-07-28T23:54:55.005+0000] {logging_mixin.py:188} INFO - [2025-07-28T23:54:55.005+0000] {dag.py:3954} INFO - Setting next_dagrun for sigtap_01_extraction to 2025-08-01 03:00:00+00:00, run_after=2025-09-01 03:00:00+00:00
[2025-07-28T23:54:55.023+0000] {processor.py:183} INFO - Processing /opt/airflow/dags/sigtap_extraction_dag.py took 0.098 seconds
[2025-07-28T23:55:25.256+0000] {processor.py:161} INFO - Started process (PID=923) to work on /opt/airflow/dags/sigtap_extraction_dag.py
[2025-07-28T23:55:25.257+0000] {processor.py:830} INFO - Processing file /opt/airflow/dags/sigtap_extraction_dag.py for tasks to queue
[2025-07-28T23:55:25.259+0000] {logging_mixin.py:188} INFO - [2025-07-28T23:55:25.259+0000] {dagbag.py:545} INFO - Filling up the DagBag from /opt/airflow/dags/sigtap_extraction_dag.py
[2025-07-28T23:55:25.283+0000] {processor.py:840} INFO - DAG(s) 'sigtap_01_extraction' retrieved from /opt/airflow/dags/sigtap_extraction_dag.py
[2025-07-28T23:55:25.317+0000] {logging_mixin.py:188} INFO - [2025-07-28T23:55:25.316+0000] {dag.py:3096} INFO - Sync 1 DAGs
[2025-07-28T23:55:25.347+0000] {logging_mixin.py:188} INFO - [2025-07-28T23:55:25.347+0000] {dag.py:3954} INFO - Setting next_dagrun for sigtap_01_extraction to 2025-08-01 03:00:00+00:00, run_after=2025-09-01 03:00:00+00:00
[2025-07-28T23:55:25.366+0000] {processor.py:183} INFO - Processing /opt/airflow/dags/sigtap_extraction_dag.py took 0.117 seconds
[2025-07-28T23:55:55.658+0000] {processor.py:161} INFO - Started process (PID=926) to work on /opt/airflow/dags/sigtap_extraction_dag.py
[2025-07-28T23:55:55.672+0000] {processor.py:830} INFO - Processing file /opt/airflow/dags/sigtap_extraction_dag.py for tasks to queue
[2025-07-28T23:55:55.675+0000] {logging_mixin.py:188} INFO - [2025-07-28T23:55:55.674+0000] {dagbag.py:545} INFO - Filling up the DagBag from /opt/airflow/dags/sigtap_extraction_dag.py
[2025-07-28T23:55:55.733+0000] {processor.py:840} INFO - DAG(s) 'sigtap_01_extraction' retrieved from /opt/airflow/dags/sigtap_extraction_dag.py
[2025-07-28T23:55:55.812+0000] {logging_mixin.py:188} INFO - [2025-07-28T23:55:55.811+0000] {dag.py:3096} INFO - Sync 1 DAGs
[2025-07-28T23:55:55.892+0000] {logging_mixin.py:188} INFO - [2025-07-28T23:55:55.891+0000] {dag.py:3954} INFO - Setting next_dagrun for sigtap_01_extraction to 2025-08-01 03:00:00+00:00, run_after=2025-09-01 03:00:00+00:00
[2025-07-28T23:55:55.927+0000] {processor.py:183} INFO - Processing /opt/airflow/dags/sigtap_extraction_dag.py took 0.277 seconds
[2025-07-28T23:56:26.213+0000] {processor.py:161} INFO - Started process (PID=929) to work on /opt/airflow/dags/sigtap_extraction_dag.py
[2025-07-28T23:56:26.214+0000] {processor.py:830} INFO - Processing file /opt/airflow/dags/sigtap_extraction_dag.py for tasks to queue
[2025-07-28T23:56:26.216+0000] {logging_mixin.py:188} INFO - [2025-07-28T23:56:26.216+0000] {dagbag.py:545} INFO - Filling up the DagBag from /opt/airflow/dags/sigtap_extraction_dag.py
[2025-07-28T23:56:26.249+0000] {processor.py:840} INFO - DAG(s) 'sigtap_01_extraction' retrieved from /opt/airflow/dags/sigtap_extraction_dag.py
[2025-07-28T23:56:26.292+0000] {logging_mixin.py:188} INFO - [2025-07-28T23:56:26.292+0000] {dag.py:3096} INFO - Sync 1 DAGs
[2025-07-28T23:56:26.331+0000] {logging_mixin.py:188} INFO - [2025-07-28T23:56:26.331+0000] {dag.py:3954} INFO - Setting next_dagrun for sigtap_01_extraction to 2025-08-01 03:00:00+00:00, run_after=2025-09-01 03:00:00+00:00
[2025-07-28T23:56:26.351+0000] {processor.py:183} INFO - Processing /opt/airflow/dags/sigtap_extraction_dag.py took 0.146 seconds
[2025-07-28T23:56:56.592+0000] {processor.py:161} INFO - Started process (PID=932) to work on /opt/airflow/dags/sigtap_extraction_dag.py
[2025-07-28T23:56:56.593+0000] {processor.py:830} INFO - Processing file /opt/airflow/dags/sigtap_extraction_dag.py for tasks to queue
[2025-07-28T23:56:56.595+0000] {logging_mixin.py:188} INFO - [2025-07-28T23:56:56.595+0000] {dagbag.py:545} INFO - Filling up the DagBag from /opt/airflow/dags/sigtap_extraction_dag.py
[2025-07-28T23:56:56.619+0000] {processor.py:840} INFO - DAG(s) 'sigtap_01_extraction' retrieved from /opt/airflow/dags/sigtap_extraction_dag.py
[2025-07-28T23:56:56.647+0000] {logging_mixin.py:188} INFO - [2025-07-28T23:56:56.647+0000] {dag.py:3096} INFO - Sync 1 DAGs
[2025-07-28T23:56:56.669+0000] {logging_mixin.py:188} INFO - [2025-07-28T23:56:56.669+0000] {dag.py:3954} INFO - Setting next_dagrun for sigtap_01_extraction to 2025-08-01 03:00:00+00:00, run_after=2025-09-01 03:00:00+00:00
[2025-07-28T23:56:56.690+0000] {processor.py:183} INFO - Processing /opt/airflow/dags/sigtap_extraction_dag.py took 0.103 seconds
[2025-07-28T23:57:26.998+0000] {processor.py:161} INFO - Started process (PID=935) to work on /opt/airflow/dags/sigtap_extraction_dag.py
[2025-07-28T23:57:27.002+0000] {processor.py:830} INFO - Processing file /opt/airflow/dags/sigtap_extraction_dag.py for tasks to queue
[2025-07-28T23:57:27.010+0000] {logging_mixin.py:188} INFO - [2025-07-28T23:57:27.009+0000] {dagbag.py:545} INFO - Filling up the DagBag from /opt/airflow/dags/sigtap_extraction_dag.py
[2025-07-28T23:57:27.064+0000] {processor.py:840} INFO - DAG(s) 'sigtap_01_extraction' retrieved from /opt/airflow/dags/sigtap_extraction_dag.py
[2025-07-28T23:57:27.145+0000] {logging_mixin.py:188} INFO - [2025-07-28T23:57:27.145+0000] {dag.py:3096} INFO - Sync 1 DAGs
[2025-07-28T23:57:27.208+0000] {logging_mixin.py:188} INFO - [2025-07-28T23:57:27.207+0000] {dag.py:3954} INFO - Setting next_dagrun for sigtap_01_extraction to 2025-08-01 03:00:00+00:00, run_after=2025-09-01 03:00:00+00:00
[2025-07-28T23:57:27.258+0000] {processor.py:183} INFO - Processing /opt/airflow/dags/sigtap_extraction_dag.py took 0.283 seconds
[2025-07-28T23:57:57.491+0000] {processor.py:161} INFO - Started process (PID=938) to work on /opt/airflow/dags/sigtap_extraction_dag.py
[2025-07-28T23:57:57.492+0000] {processor.py:830} INFO - Processing file /opt/airflow/dags/sigtap_extraction_dag.py for tasks to queue
[2025-07-28T23:57:57.494+0000] {logging_mixin.py:188} INFO - [2025-07-28T23:57:57.494+0000] {dagbag.py:545} INFO - Filling up the DagBag from /opt/airflow/dags/sigtap_extraction_dag.py
[2025-07-28T23:57:57.519+0000] {processor.py:840} INFO - DAG(s) 'sigtap_01_extraction' retrieved from /opt/airflow/dags/sigtap_extraction_dag.py
[2025-07-28T23:57:57.549+0000] {logging_mixin.py:188} INFO - [2025-07-28T23:57:57.548+0000] {dag.py:3096} INFO - Sync 1 DAGs
[2025-07-28T23:57:57.570+0000] {logging_mixin.py:188} INFO - [2025-07-28T23:57:57.570+0000] {dag.py:3954} INFO - Setting next_dagrun for sigtap_01_extraction to 2025-08-01 03:00:00+00:00, run_after=2025-09-01 03:00:00+00:00
[2025-07-28T23:57:57.586+0000] {processor.py:183} INFO - Processing /opt/airflow/dags/sigtap_extraction_dag.py took 0.100 seconds
[2025-07-28T23:58:27.862+0000] {processor.py:161} INFO - Started process (PID=941) to work on /opt/airflow/dags/sigtap_extraction_dag.py
[2025-07-28T23:58:27.863+0000] {processor.py:830} INFO - Processing file /opt/airflow/dags/sigtap_extraction_dag.py for tasks to queue
[2025-07-28T23:58:27.865+0000] {logging_mixin.py:188} INFO - [2025-07-28T23:58:27.865+0000] {dagbag.py:545} INFO - Filling up the DagBag from /opt/airflow/dags/sigtap_extraction_dag.py
[2025-07-28T23:58:27.889+0000] {processor.py:840} INFO - DAG(s) 'sigtap_01_extraction' retrieved from /opt/airflow/dags/sigtap_extraction_dag.py
[2025-07-28T23:58:27.921+0000] {logging_mixin.py:188} INFO - [2025-07-28T23:58:27.921+0000] {dag.py:3096} INFO - Sync 1 DAGs
[2025-07-28T23:58:27.945+0000] {logging_mixin.py:188} INFO - [2025-07-28T23:58:27.945+0000] {dag.py:3954} INFO - Setting next_dagrun for sigtap_01_extraction to 2025-08-01 03:00:00+00:00, run_after=2025-09-01 03:00:00+00:00
[2025-07-28T23:58:27.964+0000] {processor.py:183} INFO - Processing /opt/airflow/dags/sigtap_extraction_dag.py took 0.106 seconds
[2025-07-28T23:58:58.187+0000] {processor.py:161} INFO - Started process (PID=944) to work on /opt/airflow/dags/sigtap_extraction_dag.py
[2025-07-28T23:58:58.188+0000] {processor.py:830} INFO - Processing file /opt/airflow/dags/sigtap_extraction_dag.py for tasks to queue
[2025-07-28T23:58:58.190+0000] {logging_mixin.py:188} INFO - [2025-07-28T23:58:58.190+0000] {dagbag.py:545} INFO - Filling up the DagBag from /opt/airflow/dags/sigtap_extraction_dag.py
[2025-07-28T23:58:58.214+0000] {processor.py:840} INFO - DAG(s) 'sigtap_01_extraction' retrieved from /opt/airflow/dags/sigtap_extraction_dag.py
[2025-07-28T23:58:58.244+0000] {logging_mixin.py:188} INFO - [2025-07-28T23:58:58.244+0000] {dag.py:3096} INFO - Sync 1 DAGs
[2025-07-28T23:58:58.270+0000] {logging_mixin.py:188} INFO - [2025-07-28T23:58:58.270+0000] {dag.py:3954} INFO - Setting next_dagrun for sigtap_01_extraction to 2025-08-01 03:00:00+00:00, run_after=2025-09-01 03:00:00+00:00
[2025-07-28T23:58:58.292+0000] {processor.py:183} INFO - Processing /opt/airflow/dags/sigtap_extraction_dag.py took 0.111 seconds
[2025-07-28T23:59:28.804+0000] {processor.py:161} INFO - Started process (PID=947) to work on /opt/airflow/dags/sigtap_extraction_dag.py
[2025-07-28T23:59:28.806+0000] {processor.py:830} INFO - Processing file /opt/airflow/dags/sigtap_extraction_dag.py for tasks to queue
[2025-07-28T23:59:28.808+0000] {logging_mixin.py:188} INFO - [2025-07-28T23:59:28.808+0000] {dagbag.py:545} INFO - Filling up the DagBag from /opt/airflow/dags/sigtap_extraction_dag.py
[2025-07-28T23:59:28.833+0000] {processor.py:840} INFO - DAG(s) 'sigtap_01_extraction' retrieved from /opt/airflow/dags/sigtap_extraction_dag.py
[2025-07-28T23:59:28.861+0000] {logging_mixin.py:188} INFO - [2025-07-28T23:59:28.861+0000] {dag.py:3096} INFO - Sync 1 DAGs
[2025-07-28T23:59:28.888+0000] {logging_mixin.py:188} INFO - [2025-07-28T23:59:28.888+0000] {dag.py:3954} INFO - Setting next_dagrun for sigtap_01_extraction to 2025-08-01 03:00:00+00:00, run_after=2025-09-01 03:00:00+00:00
[2025-07-28T23:59:28.909+0000] {processor.py:183} INFO - Processing /opt/airflow/dags/sigtap_extraction_dag.py took 0.111 seconds
[2025-07-28T23:59:59.153+0000] {processor.py:161} INFO - Started process (PID=950) to work on /opt/airflow/dags/sigtap_extraction_dag.py
[2025-07-28T23:59:59.154+0000] {processor.py:830} INFO - Processing file /opt/airflow/dags/sigtap_extraction_dag.py for tasks to queue
[2025-07-28T23:59:59.156+0000] {logging_mixin.py:188} INFO - [2025-07-28T23:59:59.156+0000] {dagbag.py:545} INFO - Filling up the DagBag from /opt/airflow/dags/sigtap_extraction_dag.py
[2025-07-28T23:59:59.182+0000] {processor.py:840} INFO - DAG(s) 'sigtap_01_extraction' retrieved from /opt/airflow/dags/sigtap_extraction_dag.py
[2025-07-28T23:59:59.215+0000] {logging_mixin.py:188} INFO - [2025-07-28T23:59:59.215+0000] {dag.py:3096} INFO - Sync 1 DAGs
[2025-07-28T23:59:59.245+0000] {logging_mixin.py:188} INFO - [2025-07-28T23:59:59.244+0000] {dag.py:3954} INFO - Setting next_dagrun for sigtap_01_extraction to 2025-08-01 03:00:00+00:00, run_after=2025-09-01 03:00:00+00:00
[2025-07-28T23:59:59.270+0000] {processor.py:183} INFO - Processing /opt/airflow/dags/sigtap_extraction_dag.py took 0.123 seconds
